<?xml version="1.0" encoding="UTF-8"?>
<!-- Generated by org.testng.reporters.JUnitReportReporter -->
<testsuite hostname="DESKTOP-QPCBQJB" failures="2" tests="82" name="Runner.MyTestRunner" time="309.999" errors="0" timestamp="2024-05-01T17:55:15 EDT" skipped="0">
  <testcase classname="Runner.MyTestRunner" name="runScenario" time="1.834"/>
  <system-out/>
  <testcase classname="Runner.MyTestRunner" name="runScenario" time="1.926"/>
  <system-out/>
  <testcase classname="Runner.MyTestRunner" name="runScenario" time="2.076"/>
  <system-out/>
  <testcase classname="Runner.MyTestRunner" name="runScenario" time="53.636"/>
  <system-out/>
  <testcase classname="Runner.MyTestRunner" name="runScenario" time="0.419"/>
  <system-out/>
  <testcase classname="Runner.MyTestRunner" name="runScenario" time="0.290"/>
  <system-out/>
  <testcase classname="Runner.MyTestRunner" name="runScenario" time="0.114"/>
  <system-out/>
  <testcase classname="Runner.MyTestRunner" name="runScenario" time="1.779"/>
  <system-out/>
  <testcase classname="Runner.MyTestRunner" name="runScenario" time="1.874"/>
  <system-out/>
  <testcase classname="Runner.MyTestRunner" name="runScenario" time="1.726">
    <failure message="Please enter your username is not displayed and it is displaying the following wrong message Invalid username and password Please try again expected [false] but found [true]" type="java.lang.AssertionError">
      <![CDATA[java.lang.AssertionError: Please enter your username is not displayed and it is displaying the following wrong message Invalid username and password Please try again expected [false] but found [true]
at org.testng.Assert.fail(Assert.java:110)
at org.testng.Assert.failNotEquals(Assert.java:1577)
at org.testng.Assert.assertEqualsImpl(Assert.java:149)
at org.testng.Assert.assertEquals(Assert.java:131)
at org.testng.Assert.assertEquals(Assert.java:1066)
at org.testng.Assert.assertEquals(Assert.java:1030)
at StepDefinitions.LoginPageSteps.Error_Msg_Validation(LoginPageSteps.java:77)
at ✽.Admin should see the Error message please check expected 'Please enter your username' displays(file:///C:/Users/nsatc/git/Team17_Testing_Squad/src/test/resources/Features/01Login.feature:28)
]]>
    </failure>
  </testcase> <!-- runScenario -->
  <system-out/>
  <testcase classname="Runner.MyTestRunner" name="runScenario" time="0.986"/>
  <system-out/>
  <testcase classname="Runner.MyTestRunner" name="runScenario" time="0.118"/>
  <system-out/>
  <testcase classname="Runner.MyTestRunner" name="runScenario" time="1.825"/>
  <system-out/>
  <testcase classname="Runner.MyTestRunner" name="runScenario" time="1.962"/>
  <system-out/>
  <testcase classname="Runner.MyTestRunner" name="runScenario" time="0.886"/>
  <system-out/>
  <testcase classname="Runner.MyTestRunner" name="runScenario" time="0.502"/>
  <system-out/>
  <testcase classname="Runner.MyTestRunner" name="runScenario" time="0.469"/>
  <system-out/>
  <testcase classname="Runner.MyTestRunner" name="runScenario" time="0.401"/>
  <system-out/>
  <testcase classname="Runner.MyTestRunner" name="runScenario" time="0.528"/>
  <system-out/>
  <testcase classname="Runner.MyTestRunner" name="runScenario" time="0.661"/>
  <system-out/>
  <testcase classname="Runner.MyTestRunner" name="runScenario" time="0.130"/>
  <system-out/>
  <testcase classname="Runner.MyTestRunner" name="runScenario" time="53.593"/>
  <system-out/>
  <testcase classname="Runner.MyTestRunner" name="runScenario" time="1.820"/>
  <system-out/>
  <testcase classname="Runner.MyTestRunner" name="runScenario" time="0.672"/>
  <system-out/>
  <testcase classname="Runner.MyTestRunner" name="runScenario" time="5.479"/>
  <system-out/>
  <testcase classname="Runner.MyTestRunner" name="runScenario" time="1.899"/>
  <system-out/>
  <testcase classname="Runner.MyTestRunner" name="runScenario" time="0.346"/>
  <system-out/>
  <testcase classname="Runner.MyTestRunner" name="runScenario" time="4.613"/>
  <system-out/>
  <testcase classname="Runner.MyTestRunner" name="runScenario" time="1.837"/>
  <system-out/>
  <testcase classname="Runner.MyTestRunner" name="runScenario" time="1.948"/>
  <system-out/>
  <testcase classname="Runner.MyTestRunner" name="runScenario" time="0.374"/>
  <system-out/>
  <testcase classname="Runner.MyTestRunner" name="runScenario" time="0.337"/>
  <system-out/>
  <testcase classname="Runner.MyTestRunner" name="runScenario" time="4.795"/>
  <system-out/>
  <testcase classname="Runner.MyTestRunner" name="runScenario" time="1.750"/>
  <system-out/>
  <testcase classname="Runner.MyTestRunner" name="runScenario" time="2.845"/>
  <system-out/>
  <testcase classname="Runner.MyTestRunner" name="runScenario" time="0.443"/>
  <system-out/>
  <testcase classname="Runner.MyTestRunner" name="runScenario" time="1.908"/>
  <system-out/>
  <testcase classname="Runner.MyTestRunner" name="runScenario" time="0.982"/>
  <system-out/>
  <testcase classname="Runner.MyTestRunner" name="runScenario" time="5.879"/>
  <system-out/>
  <testcase classname="Runner.MyTestRunner" name="runScenario" time="3.229"/>
  <system-out/>
  <testcase classname="Runner.MyTestRunner" name="runScenario" time="0.593"/>
  <system-out/>
  <testcase classname="Runner.MyTestRunner" name="runScenario" time="10.377"/>
  <system-out/>
  <testcase classname="Runner.MyTestRunner" name="runScenario" time="16.444"/>
  <system-out/>
  <testcase classname="Runner.MyTestRunner" name="runScenario" time="0.203"/>
  <system-out/>
  <testcase classname="Runner.MyTestRunner" name="runScenario" time="0.328"/>
  <system-out/>
  <testcase classname="Runner.MyTestRunner" name="runScenario" time="2.009"/>
  <system-out/>
  <testcase classname="Runner.MyTestRunner" name="runScenario" time="0.347"/>
  <system-out/>
  <testcase classname="Runner.MyTestRunner" name="runScenario" time="3.434"/>
  <system-out/>
  <testcase classname="Runner.MyTestRunner" name="runScenario" time="7.806"/>
  <system-out/>
  <testcase classname="Runner.MyTestRunner" name="runScenario" time="1.868"/>
  <system-out/>
  <testcase classname="Runner.MyTestRunner" name="runScenario" time="0.142"/>
  <system-out/>
  <testcase classname="Runner.MyTestRunner" name="runScenario" time="0.414"/>
  <system-out/>
  <testcase classname="Runner.MyTestRunner" name="runScenario" time="0.430"/>
  <system-out/>
  <testcase classname="Runner.MyTestRunner" name="runScenario" time="3.459"/>
  <system-out/>
  <testcase classname="Runner.MyTestRunner" name="runScenario" time="1.723"/>
  <system-out/>
  <testcase classname="Runner.MyTestRunner" name="runScenario" time="0.057"/>
  <system-out/>
  <testcase classname="Runner.MyTestRunner" name="runScenario" time="1.868"/>
  <system-out/>
  <testcase classname="Runner.MyTestRunner" name="runScenario" time="0.181"/>
  <system-out/>
  <testcase classname="Runner.MyTestRunner" name="runScenario" time="1.933"/>
  <system-out/>
  <testcase classname="Runner.MyTestRunner" name="runScenario" time="1.819"/>
  <system-out/>
  <testcase classname="Runner.MyTestRunner" name="runScenario" time="0.804"/>
  <system-out/>
  <testcase classname="Runner.MyTestRunner" name="runScenario" time="0.376"/>
  <system-out/>
  <testcase classname="Runner.MyTestRunner" name="runScenario" time="2.522"/>
  <system-out/>
  <testcase classname="Runner.MyTestRunner" name="runScenario" time="3.681"/>
  <system-out/>
  <testcase classname="Runner.MyTestRunner" name="runScenario" time="0.125"/>
  <system-out/>
  <testcase classname="Runner.MyTestRunner" name="runScenario" time="0.161"/>
  <system-out/>
  <testcase classname="Runner.MyTestRunner" name="runScenario" time="3.006"/>
  <system-out/>
  <testcase classname="Runner.MyTestRunner" name="runScenario" time="2.014">
    <failure message="Please enter your password is not displayed and it is displaying the following wrong message Invalid username and password Please try again expected [false] but found [true]" type="java.lang.AssertionError">
      <![CDATA[java.lang.AssertionError: Please enter your password is not displayed and it is displaying the following wrong message Invalid username and password Please try again expected [false] but found [true]
at org.testng.Assert.fail(Assert.java:110)
at org.testng.Assert.failNotEquals(Assert.java:1577)
at org.testng.Assert.assertEqualsImpl(Assert.java:149)
at org.testng.Assert.assertEquals(Assert.java:131)
at org.testng.Assert.assertEquals(Assert.java:1066)
at org.testng.Assert.assertEquals(Assert.java:1030)
at StepDefinitions.LoginPageSteps.Error_Msg_Validation(LoginPageSteps.java:77)
at ✽.Admin should see the Error message please check expected 'Please enter your password' displays(file:///C:/Users/nsatc/git/Team17_Testing_Squad/src/test/resources/Features/01Login.feature:28)
]]>
    </failure>
  </testcase> <!-- runScenario -->
  <system-out/>
  <testcase classname="Runner.MyTestRunner" name="runScenario" time="2.135"/>
  <system-out/>
  <testcase classname="Runner.MyTestRunner" name="runScenario" time="1.705"/>
  <system-out/>
  <testcase classname="Runner.MyTestRunner" name="runScenario" time="1.927"/>
  <system-out/>
  <testcase classname="Runner.MyTestRunner" name="runScenario" time="4.676"/>
  <system-out/>
  <testcase classname="Runner.MyTestRunner" name="runScenario" time="0.524"/>
  <system-out/>
  <testcase classname="Runner.MyTestRunner" name="runScenario" time="0.267"/>
  <system-out/>
  <testcase classname="Runner.MyTestRunner" name="runScenario" time="53.524"/>
  <system-out/>
  <testcase classname="Runner.MyTestRunner" name="runScenario" time="0.238"/>
  <system-out/>
  <testcase classname="Runner.MyTestRunner" name="runScenario" time="3.427"/>
  <system-out/>
  <testcase classname="Runner.MyTestRunner" name="runScenario" time="1.022"/>
  <system-out/>
  <testcase classname="Runner.MyTestRunner" name="runScenario" time="0.158"/>
  <system-out/>
  <testcase classname="Runner.MyTestRunner" name="runScenario" time="0.225"/>
  <system-out/>
  <testcase classname="Runner.MyTestRunner" name="runScenario" time="1.296"/>
  <system-out/>
  <testcase classname="Runner.MyTestRunner" name="runScenario" time="1.860"/>
  <system-out/>
</testsuite> <!-- Runner.MyTestRunner -->
