<?xml version="1.0" encoding="UTF-8"?>
<!-- Generated by org.testng.reporters.JUnitReportReporter -->
<testsuite hostname="DESKTOP-QPCBQJB" failures="2" tests="37" name="Runner.MyTestRunner" time="36.785" errors="0" timestamp="2024-05-01T11:46:26 EDT" skipped="0">
  <testcase classname="Runner.MyTestRunner" name="runScenario" time="0.224"/>
  <testcase classname="Runner.MyTestRunner" name="runScenario" time="0.236"/>
  <testcase classname="Runner.MyTestRunner" name="runScenario" time="1.500"/>
  <testcase classname="Runner.MyTestRunner" name="runScenario" time="1.069"/>
  <testcase classname="Runner.MyTestRunner" name="runScenario" time="0.208"/>
  <testcase classname="Runner.MyTestRunner" name="runScenario" time="1.089"/>
  <testcase classname="Runner.MyTestRunner" name="runScenario" time="0.248"/>
  <testcase classname="Runner.MyTestRunner" name="runScenario" time="1.878"/>
  <testcase classname="Runner.MyTestRunner" name="runScenario" time="1.088"/>
  <testcase classname="Runner.MyTestRunner" name="runScenario" time="0.241"/>
  <testcase classname="Runner.MyTestRunner" name="runScenario" time="1.365"/>
  <testcase classname="Runner.MyTestRunner" name="runScenario" time="1.299"/>
  <testcase classname="Runner.MyTestRunner" name="runScenario" time="0.960"/>
  <testcase classname="Runner.MyTestRunner" name="runScenario" time="1.190"/>
  <testcase classname="Runner.MyTestRunner" name="runScenario" time="1.382"/>
  <testcase classname="Runner.MyTestRunner" name="runScenario" time="1.109">
    <failure message="Please enter your username is not displayed and it is displaying the following wrong message Invalid username and password Please try again expected [false] but found [true]" type="java.lang.AssertionError">
      <![CDATA[java.lang.AssertionError: Please enter your username is not displayed and it is displaying the following wrong message Invalid username and password Please try again expected [false] but found [true]
at org.testng.Assert.fail(Assert.java:111)
at org.testng.Assert.failNotEquals(Assert.java:1578)
at org.testng.Assert.assertEqualsImpl(Assert.java:150)
at org.testng.Assert.assertEquals(Assert.java:132)
at org.testng.Assert.assertEquals(Assert.java:1067)
at org.testng.Assert.assertEquals(Assert.java:1031)
at StepDefinitions.LoginPageSteps.Error_Msg_Validation(LoginPageSteps.java:77)
at ✽.Admin should see the Error message please check expected 'Please enter your username' displays(file:///C:/Users/nsatc/git/Team17_Testing_Squad/src/test/resources/Features/01Login.feature:28)
]]>
    </failure>
  </testcase> <!-- runScenario -->
  <testcase classname="Runner.MyTestRunner" name="runScenario" time="0.289"/>
  <testcase classname="Runner.MyTestRunner" name="runScenario" time="1.848"/>
  <testcase classname="Runner.MyTestRunner" name="runScenario" time="1.650"/>
  <testcase classname="Runner.MyTestRunner" name="runScenario" time="1.019"/>
  <testcase classname="Runner.MyTestRunner" name="runScenario" time="1.180"/>
  <testcase classname="Runner.MyTestRunner" name="runScenario" time="1.313"/>
  <testcase classname="Runner.MyTestRunner" name="runScenario" time="1.366"/>
  <testcase classname="Runner.MyTestRunner" name="runScenario" time="1.563"/>
  <testcase classname="Runner.MyTestRunner" name="runScenario" time="1.147"/>
  <testcase classname="Runner.MyTestRunner" name="runScenario" time="1.222">
    <failure message="Please enter your password is not displayed and it is displaying the following wrong message Invalid username and password Please try again expected [false] but found [true]" type="java.lang.AssertionError">
      <![CDATA[java.lang.AssertionError: Please enter your password is not displayed and it is displaying the following wrong message Invalid username and password Please try again expected [false] but found [true]
at org.testng.Assert.fail(Assert.java:111)
at org.testng.Assert.failNotEquals(Assert.java:1578)
at org.testng.Assert.assertEqualsImpl(Assert.java:150)
at org.testng.Assert.assertEquals(Assert.java:132)
at org.testng.Assert.assertEquals(Assert.java:1067)
at org.testng.Assert.assertEquals(Assert.java:1031)
at StepDefinitions.LoginPageSteps.Error_Msg_Validation(LoginPageSteps.java:77)
at ✽.Admin should see the Error message please check expected 'Please enter your password' displays(file:///C:/Users/nsatc/git/Team17_Testing_Squad/src/test/resources/Features/01Login.feature:28)
]]>
    </failure>
  </testcase> <!-- runScenario -->
  <testcase classname="Runner.MyTestRunner" name="runScenario" time="1.285"/>
  <testcase classname="Runner.MyTestRunner" name="runScenario" time="1.129"/>
  <testcase classname="Runner.MyTestRunner" name="runScenario" time="1.400"/>
  <testcase classname="Runner.MyTestRunner" name="runScenario" time="0.248"/>
  <testcase classname="Runner.MyTestRunner" name="runScenario" time="1.344"/>
  <testcase classname="Runner.MyTestRunner" name="runScenario" time="1.173"/>
  <testcase classname="Runner.MyTestRunner" name="runScenario" time="0.237"/>
  <testcase classname="Runner.MyTestRunner" name="runScenario" time="0.428"/>
  <testcase classname="Runner.MyTestRunner" name="runScenario" time="1.041"/>
  <testcase classname="Runner.MyTestRunner" name="runScenario" time="0.602"/>
  <testcase classname="Runner.MyTestRunner" name="runScenario" time="0.215"/>
</testsuite> <!-- Runner.MyTestRunner -->
