<?xml version="1.0" encoding="UTF-8"?>
<!-- Generated by org.testng.reporters.JUnitReportReporter -->
<testsuite hostname="DESKTOP-QJMPL75" failures="0" tests="9" name="Runner.MyTestRunner" time="19.423" errors="0" timestamp="2024-05-01T22:29:42 PDT" skipped="0">
  <testcase classname="Runner.MyTestRunner" name="runScenario" time="2.060"/>
  <system-out/>
  <testcase classname="Runner.MyTestRunner" name="runScenario" time="2.447"/>
  <system-out/>
  <testcase classname="Runner.MyTestRunner" name="runScenario" time="2.382"/>
  <system-out/>
  <testcase classname="Runner.MyTestRunner" name="runScenario" time="0.022"/>
  <system-out/>
  <testcase classname="Runner.MyTestRunner" name="runScenario" time="4.270"/>
  <system-out/>
  <testcase classname="Runner.MyTestRunner" name="runScenario" time="1.631"/>
  <system-out/>
  <testcase classname="Runner.MyTestRunner" name="runScenario" time="4.325"/>
  <system-out/>
  <testcase classname="Runner.MyTestRunner" name="runScenario" time="2.266"/>
  <system-out/>
  <testcase classname="Runner.MyTestRunner" name="runScenario" time="0.020"/>
  <system-out/>
</testsuite> <!-- Runner.MyTestRunner -->
