<?xml version="1.0" encoding="UTF-8"?>
<!-- Generated by org.testng.reporters.JUnitReportReporter -->
<testsuite hostname="DESKTOP-QPCBQJB" failures="3" tests="155" name="Runner.MyTestRunner" time="328.112" errors="15" timestamp="2024-05-02T17:42:36 EDT" skipped="0">
  <testcase classname="Runner.MyTestRunner" name="runScenario" time="3.058"/>
  <system-out/>
  <testcase classname="Runner.MyTestRunner" name="runScenario" time="15.023"/>
  <system-out/>
  <testcase classname="Runner.MyTestRunner" name="runScenario" time="3.212"/>
  <system-out/>
  <testcase classname="Runner.MyTestRunner" name="runScenario" time="1.537">
    <failure message="Please enter your username is not displayed and it is displaying the following wrong message Invalid username and password Please try again expected [false] but found [true]" type="java.lang.AssertionError">
      <![CDATA[java.lang.AssertionError: Please enter your username is not displayed and it is displaying the following wrong message Invalid username and password Please try again expected [false] but found [true]
at org.testng.Assert.fail(Assert.java:110)
at org.testng.Assert.failNotEquals(Assert.java:1577)
at org.testng.Assert.assertEqualsImpl(Assert.java:149)
at org.testng.Assert.assertEquals(Assert.java:131)
at org.testng.Assert.assertEquals(Assert.java:1066)
at org.testng.Assert.assertEquals(Assert.java:1030)
at StepDefinitions.LoginPageSteps.Error_Msg_Validation(LoginPageSteps.java:77)
at ✽.Admin should see the Error message please check expected 'Please enter your username' displays(file:///C:/Users/nsatc/git/Team17_Testing_Squad/src/test/resources/Features/01_Login.feature:28)
]]>
    </failure>
  </testcase> <!-- runScenario -->
  <system-out/>
  <testcase classname="Runner.MyTestRunner" name="runScenario" time="1.162"/>
  <system-out/>
  <testcase classname="Runner.MyTestRunner" name="runScenario" time="3.345"/>
  <system-out/>
  <testcase classname="Runner.MyTestRunner" name="runScenario" time="3.608"/>
  <system-out/>
  <testcase classname="Runner.MyTestRunner" name="runScenario" time="0.419"/>
  <system-out/>
  <testcase classname="Runner.MyTestRunner" name="runScenario" time="0.921"/>
  <system-out/>
  <testcase classname="Runner.MyTestRunner" name="runScenario" time="1.108"/>
  <system-out/>
  <testcase classname="Runner.MyTestRunner" name="runScenario" time="3.273">
    <error message="element click intercepted: Element &lt;span class=&quot;mat-button-wrapper&quot;&gt;...&lt;/span&gt; is not clickable at point (1243, 31). Other element would receive the click: &lt;div class=&quot;ng-tns-c132-6 p-dialog-mask p-component-overlay p-dialog-mask-scrollblocker ng-star-inserted&quot; style=&quot;z-index: 1021;&quot;&gt;...&lt;/div&gt;
  (Session info: chrome=124.0.6367.79)
Build info: version: &#039;4.15.0&#039;, revision: &#039;1d14b5521b&#039;
System info: os.name: &#039;Windows 11&#039;, os.arch: &#039;amd64&#039;, os.version: &#039;10.0&#039;, java.version: &#039;21.0.1&#039;
Driver info: org.openqa.selenium.chrome.ChromeDriver
Command: [507114f9899f50b14034efed007d6bca, clickElement {id=f.A76F513529D9F04246A80BEDA744734E.d.475E19676F4E6938A94571DAEC481D5C.e.4513}]
Capabilities {acceptInsecureCerts: false, browserName: chrome, browserVersion: 124.0.6367.79, chrome: {chromedriverVersion: 124.0.6367.91 (51df0e5e17a8..., userDataDir: C:\Users\nsatc\AppData\Loca...}, fedcm:accounts: true, goog:chromeOptions: {debuggerAddress: localhost:51485}, networkConnectionEnabled: false, pageLoadStrategy: normal, platformName: windows, proxy: Proxy(), se:cdp: ws://localhost:51485/devtoo..., se:cdpVersion: 124.0.6367.79, setWindowRect: true, strictFileInteractability: false, timeouts: {implicit: 0, pageLoad: 300000, script: 30000}, unhandledPromptBehavior: dismiss and notify, webauthn:extension:credBlob: true, webauthn:extension:largeBlob: true, webauthn:extension:minPinLength: true, webauthn:extension:prf: true, webauthn:virtualAuthenticators: true}
Element: [[ChromeDriver: chrome on windows (507114f9899f50b14034efed007d6bca)] -&gt; xpath: //span[normalize-space()=&#039;User&#039;]]
Session ID: 507114f9899f50b14034efed007d6bca" type="org.openqa.selenium.ElementClickInterceptedException">
      <![CDATA[org.openqa.selenium.ElementClickInterceptedException: element click intercepted: Element <span class="mat-button-wrapper">...</span> is not clickable at point (1243, 31). Other element would receive the click: <div class="ng-tns-c132-6 p-dialog-mask p-component-overlay p-dialog-mask-scrollblocker ng-star-inserted" style="z-index: 1021;">...</div>
  (Session info: chrome=124.0.6367.79)
Build info: version: '4.15.0', revision: '1d14b5521b'
System info: os.name: 'Windows 11', os.arch: 'amd64', os.version: '10.0', java.version: '21.0.1'
Driver info: org.openqa.selenium.chrome.ChromeDriver
Command: [507114f9899f50b14034efed007d6bca, clickElement {id=f.A76F513529D9F04246A80BEDA744734E.d.475E19676F4E6938A94571DAEC481D5C.e.4513}]
Capabilities {acceptInsecureCerts: false, browserName: chrome, browserVersion: 124.0.6367.79, chrome: {chromedriverVersion: 124.0.6367.91 (51df0e5e17a8..., userDataDir: C:\Users\nsatc\AppData\Loca...}, fedcm:accounts: true, goog:chromeOptions: {debuggerAddress: localhost:51485}, networkConnectionEnabled: false, pageLoadStrategy: normal, platformName: windows, proxy: Proxy(), se:cdp: ws://localhost:51485/devtoo..., se:cdpVersion: 124.0.6367.79, setWindowRect: true, strictFileInteractability: false, timeouts: {implicit: 0, pageLoad: 300000, script: 30000}, unhandledPromptBehavior: dismiss and notify, webauthn:extension:credBlob: true, webauthn:extension:largeBlob: true, webauthn:extension:minPinLength: true, webauthn:extension:prf: true, webauthn:virtualAuthenticators: true}
Element: [[ChromeDriver: chrome on windows (507114f9899f50b14034efed007d6bca)] -> xpath: //span[normalize-space()='User']]
Session ID: 507114f9899f50b14034efed007d6bca
at java.base/jdk.internal.reflect.DirectConstructorHandleAccessor.newInstance(DirectConstructorHandleAccessor.java:62)
at java.base/java.lang.reflect.Constructor.newInstanceWithCaller(Constructor.java:502)
at java.base/java.lang.reflect.Constructor.newInstance(Constructor.java:486)
at org.openqa.selenium.remote.codec.w3c.W3CHttpResponseCodec.createException(W3CHttpResponseCodec.java:200)
at org.openqa.selenium.remote.codec.w3c.W3CHttpResponseCodec.decode(W3CHttpResponseCodec.java:133)
at org.openqa.selenium.remote.codec.w3c.W3CHttpResponseCodec.decode(W3CHttpResponseCodec.java:52)
at org.openqa.selenium.remote.HttpCommandExecutor.execute(HttpCommandExecutor.java:191)
at org.openqa.selenium.remote.service.DriverCommandExecutor.invokeExecute(DriverCommandExecutor.java:200)
at org.openqa.selenium.remote.service.DriverCommandExecutor.execute(DriverCommandExecutor.java:175)
at org.openqa.selenium.remote.RemoteWebDriver.execute(RemoteWebDriver.java:607)
at org.openqa.selenium.remote.RemoteWebElement.execute(RemoteWebElement.java:224)
at org.openqa.selenium.remote.RemoteWebElement.click(RemoteWebElement.java:77)
at PageObjects.DeleteUser.clickOnUserTab(DeleteUser.java:30)
at StepDefinitions.DeleteUserStepss.the_delete_icon_on_row_level_in_data_table_is_enabled(DeleteUserStepss.java:26)
at ✽.The delete icon on row level in data table is enabled.(file:///C:/Users/nsatc/git/Team17_Testing_Squad/src/test/resources/Features/05_05DeleteUser.feature:8)
]]>
    </error>
  </testcase> <!-- runScenario -->
  <system-out/>
  <testcase classname="Runner.MyTestRunner" name="runScenario" time="0.410"/>
  <system-out/>
  <testcase classname="Runner.MyTestRunner" name="runScenario" time="1.804"/>
  <system-out/>
  <testcase classname="Runner.MyTestRunner" name="runScenario" time="3.118"/>
  <system-out/>
  <testcase classname="Runner.MyTestRunner" name="runScenario" time="0.723"/>
  <system-out/>
  <testcase classname="Runner.MyTestRunner" name="runScenario" time="1.631"/>
  <system-out/>
  <testcase classname="Runner.MyTestRunner" name="runScenario" time="7.328"/>
  <system-out/>
  <testcase classname="Runner.MyTestRunner" name="runScenario" time="0.201"/>
  <system-out/>
  <testcase classname="Runner.MyTestRunner" name="runScenario" time="1.126"/>
  <system-out/>
  <testcase classname="Runner.MyTestRunner" name="runScenario" time="1.577"/>
  <system-out/>
  <testcase classname="Runner.MyTestRunner" name="runScenario" time="1.208"/>
  <system-out/>
  <testcase classname="Runner.MyTestRunner" name="runScenario" time="6.099">
    <error message="no such element: Unable to locate element: {&quot;method&quot;:&quot;xpath&quot;,&quot;selector&quot;:&quot;//div[text()=&#039;User Added Successfully&#039;]&quot;}
  (Session info: chrome=124.0.6367.79)
For documentation on this error, please visit: https://www.selenium.dev/documentation/webdriver/troubleshooting/errors#no-such-element-exception
Build info: version: &#039;4.15.0&#039;, revision: &#039;1d14b5521b&#039;
System info: os.name: &#039;Windows 11&#039;, os.arch: &#039;amd64&#039;, os.version: &#039;10.0&#039;, java.version: &#039;21.0.1&#039;
Driver info: org.openqa.selenium.chrome.ChromeDriver
Command: [507114f9899f50b14034efed007d6bca, findElement {using=xpath, value=//div[text()=&#039;User Added Successfully&#039;]}]
Capabilities {acceptInsecureCerts: false, browserName: chrome, browserVersion: 124.0.6367.79, chrome: {chromedriverVersion: 124.0.6367.91 (51df0e5e17a8..., userDataDir: C:\Users\nsatc\AppData\Loca...}, fedcm:accounts: true, goog:chromeOptions: {debuggerAddress: localhost:51485}, networkConnectionEnabled: false, pageLoadStrategy: normal, platformName: windows, proxy: Proxy(), se:cdp: ws://localhost:51485/devtoo..., se:cdpVersion: 124.0.6367.79, setWindowRect: true, strictFileInteractability: false, timeouts: {implicit: 0, pageLoad: 300000, script: 30000}, unhandledPromptBehavior: dismiss and notify, webauthn:extension:credBlob: true, webauthn:extension:largeBlob: true, webauthn:extension:minPinLength: true, webauthn:extension:prf: true, webauthn:virtualAuthenticators: true}
Session ID: 507114f9899f50b14034efed007d6bca" type="org.openqa.selenium.NoSuchElementException">
      <![CDATA[org.openqa.selenium.NoSuchElementException: no such element: Unable to locate element: {"method":"xpath","selector":"//div[text()='User Added Successfully']"}
  (Session info: chrome=124.0.6367.79)
For documentation on this error, please visit: https://www.selenium.dev/documentation/webdriver/troubleshooting/errors#no-such-element-exception
Build info: version: '4.15.0', revision: '1d14b5521b'
System info: os.name: 'Windows 11', os.arch: 'amd64', os.version: '10.0', java.version: '21.0.1'
Driver info: org.openqa.selenium.chrome.ChromeDriver
Command: [507114f9899f50b14034efed007d6bca, findElement {using=xpath, value=//div[text()='User Added Successfully']}]
Capabilities {acceptInsecureCerts: false, browserName: chrome, browserVersion: 124.0.6367.79, chrome: {chromedriverVersion: 124.0.6367.91 (51df0e5e17a8..., userDataDir: C:\Users\nsatc\AppData\Loca...}, fedcm:accounts: true, goog:chromeOptions: {debuggerAddress: localhost:51485}, networkConnectionEnabled: false, pageLoadStrategy: normal, platformName: windows, proxy: Proxy(), se:cdp: ws://localhost:51485/devtoo..., se:cdpVersion: 124.0.6367.79, setWindowRect: true, strictFileInteractability: false, timeouts: {implicit: 0, pageLoad: 300000, script: 30000}, unhandledPromptBehavior: dismiss and notify, webauthn:extension:credBlob: true, webauthn:extension:largeBlob: true, webauthn:extension:minPinLength: true, webauthn:extension:prf: true, webauthn:virtualAuthenticators: true}
Session ID: 507114f9899f50b14034efed007d6bca
at java.base/jdk.internal.reflect.DirectConstructorHandleAccessor.newInstance(DirectConstructorHandleAccessor.java:62)
at java.base/java.lang.reflect.Constructor.newInstanceWithCaller(Constructor.java:502)
at java.base/java.lang.reflect.Constructor.newInstance(Constructor.java:486)
at org.openqa.selenium.remote.codec.w3c.W3CHttpResponseCodec.createException(W3CHttpResponseCodec.java:200)
at org.openqa.selenium.remote.codec.w3c.W3CHttpResponseCodec.decode(W3CHttpResponseCodec.java:133)
at org.openqa.selenium.remote.codec.w3c.W3CHttpResponseCodec.decode(W3CHttpResponseCodec.java:52)
at org.openqa.selenium.remote.HttpCommandExecutor.execute(HttpCommandExecutor.java:191)
at org.openqa.selenium.remote.service.DriverCommandExecutor.invokeExecute(DriverCommandExecutor.java:200)
at org.openqa.selenium.remote.service.DriverCommandExecutor.execute(DriverCommandExecutor.java:175)
at org.openqa.selenium.remote.RemoteWebDriver.execute(RemoteWebDriver.java:607)
at org.openqa.selenium.remote.ElementLocation$ElementFinder$2.findElement(ElementLocation.java:165)
at org.openqa.selenium.remote.ElementLocation.findElement(ElementLocation.java:59)
at org.openqa.selenium.remote.RemoteWebDriver.findElement(RemoteWebDriver.java:364)
at org.openqa.selenium.remote.RemoteWebDriver.findElement(RemoteWebDriver.java:358)
at PageObjects.addUserPage.getSucessMsg(addUserPage.java:212)
at StepDefinitions.AddUserPageSteps.the_newly_added_user_should_be_present_in_the_data_table_in_manage_user_page(AddUserPageSteps.java:211)
at ✽.the newly added user should be present in the data table in Manage User page(file:///C:/Users/nsatc/git/Team17_Testing_Squad/src/test/resources/Features/05_02addUser.feature:97)
]]>
    </error>
  </testcase> <!-- runScenario -->
  <system-out/>
  <testcase classname="Runner.MyTestRunner" name="runScenario" time="1.824"/>
  <system-out/>
  <testcase classname="Runner.MyTestRunner" name="runScenario" time="1.187"/>
  <system-out/>
  <testcase classname="Runner.MyTestRunner" name="runScenario" time="0.349"/>
  <system-out/>
  <testcase classname="Runner.MyTestRunner" name="runScenario" time="10.003"/>
  <system-out/>
  <testcase classname="Runner.MyTestRunner" name="runScenario" time="1.107"/>
  <system-out/>
  <testcase classname="Runner.MyTestRunner" name="runScenario" time="0.160"/>
  <system-out/>
  <testcase classname="Runner.MyTestRunner" name="runScenario" time="2.390"/>
  <system-out/>
  <testcase classname="Runner.MyTestRunner" name="runScenario" time="0.416"/>
  <system-out/>
  <testcase classname="Runner.MyTestRunner" name="runScenario" time="0.646"/>
  <system-out/>
  <testcase classname="Runner.MyTestRunner" name="runScenario" time="0.516"/>
  <system-out/>
  <testcase classname="Runner.MyTestRunner" name="runScenario" time="0.080"/>
  <system-out/>
  <testcase classname="Runner.MyTestRunner" name="runScenario" time="0.120"/>
  <system-out/>
  <testcase classname="Runner.MyTestRunner" name="runScenario" time="6.528"/>
  <system-out/>
  <testcase classname="Runner.MyTestRunner" name="runScenario" time="7.249">
    <error message="no such element: Unable to locate element: {&quot;method&quot;:&quot;xpath&quot;,&quot;selector&quot;:&quot;//td[normalize-space()=&#039;aapriyanga&#039;]//following-sibling::td//button[1]&quot;}
  (Session info: chrome=124.0.6367.79)
For documentation on this error, please visit: https://www.selenium.dev/documentation/webdriver/troubleshooting/errors#no-such-element-exception
Build info: version: &#039;4.15.0&#039;, revision: &#039;1d14b5521b&#039;
System info: os.name: &#039;Windows 11&#039;, os.arch: &#039;amd64&#039;, os.version: &#039;10.0&#039;, java.version: &#039;21.0.1&#039;
Driver info: org.openqa.selenium.chrome.ChromeDriver
Command: [507114f9899f50b14034efed007d6bca, findElement {using=xpath, value=//td[normalize-space()=&#039;aapriyanga&#039;]//following-sibling::td//button[1]}]
Capabilities {acceptInsecureCerts: false, browserName: chrome, browserVersion: 124.0.6367.79, chrome: {chromedriverVersion: 124.0.6367.91 (51df0e5e17a8..., userDataDir: C:\Users\nsatc\AppData\Loca...}, fedcm:accounts: true, goog:chromeOptions: {debuggerAddress: localhost:51485}, networkConnectionEnabled: false, pageLoadStrategy: normal, platformName: windows, proxy: Proxy(), se:cdp: ws://localhost:51485/devtoo..., se:cdpVersion: 124.0.6367.79, setWindowRect: true, strictFileInteractability: false, timeouts: {implicit: 0, pageLoad: 300000, script: 30000}, unhandledPromptBehavior: dismiss and notify, webauthn:extension:credBlob: true, webauthn:extension:largeBlob: true, webauthn:extension:minPinLength: true, webauthn:extension:prf: true, webauthn:virtualAuthenticators: true}
Session ID: 507114f9899f50b14034efed007d6bca" type="org.openqa.selenium.NoSuchElementException">
      <![CDATA[org.openqa.selenium.NoSuchElementException: no such element: Unable to locate element: {"method":"xpath","selector":"//td[normalize-space()='aapriyanga']//following-sibling::td//button[1]"}
  (Session info: chrome=124.0.6367.79)
For documentation on this error, please visit: https://www.selenium.dev/documentation/webdriver/troubleshooting/errors#no-such-element-exception
Build info: version: '4.15.0', revision: '1d14b5521b'
System info: os.name: 'Windows 11', os.arch: 'amd64', os.version: '10.0', java.version: '21.0.1'
Driver info: org.openqa.selenium.chrome.ChromeDriver
Command: [507114f9899f50b14034efed007d6bca, findElement {using=xpath, value=//td[normalize-space()='aapriyanga']//following-sibling::td//button[1]}]
Capabilities {acceptInsecureCerts: false, browserName: chrome, browserVersion: 124.0.6367.79, chrome: {chromedriverVersion: 124.0.6367.91 (51df0e5e17a8..., userDataDir: C:\Users\nsatc\AppData\Loca...}, fedcm:accounts: true, goog:chromeOptions: {debuggerAddress: localhost:51485}, networkConnectionEnabled: false, pageLoadStrategy: normal, platformName: windows, proxy: Proxy(), se:cdp: ws://localhost:51485/devtoo..., se:cdpVersion: 124.0.6367.79, setWindowRect: true, strictFileInteractability: false, timeouts: {implicit: 0, pageLoad: 300000, script: 30000}, unhandledPromptBehavior: dismiss and notify, webauthn:extension:credBlob: true, webauthn:extension:largeBlob: true, webauthn:extension:minPinLength: true, webauthn:extension:prf: true, webauthn:virtualAuthenticators: true}
Session ID: 507114f9899f50b14034efed007d6bca
at java.base/jdk.internal.reflect.DirectConstructorHandleAccessor.newInstance(DirectConstructorHandleAccessor.java:62)
at java.base/java.lang.reflect.Constructor.newInstanceWithCaller(Constructor.java:502)
at java.base/java.lang.reflect.Constructor.newInstance(Constructor.java:486)
at org.openqa.selenium.remote.codec.w3c.W3CHttpResponseCodec.createException(W3CHttpResponseCodec.java:200)
at org.openqa.selenium.remote.codec.w3c.W3CHttpResponseCodec.decode(W3CHttpResponseCodec.java:133)
at org.openqa.selenium.remote.codec.w3c.W3CHttpResponseCodec.decode(W3CHttpResponseCodec.java:52)
at org.openqa.selenium.remote.HttpCommandExecutor.execute(HttpCommandExecutor.java:191)
at org.openqa.selenium.remote.service.DriverCommandExecutor.invokeExecute(DriverCommandExecutor.java:200)
at org.openqa.selenium.remote.service.DriverCommandExecutor.execute(DriverCommandExecutor.java:175)
at org.openqa.selenium.remote.RemoteWebDriver.execute(RemoteWebDriver.java:607)
at org.openqa.selenium.remote.ElementLocation$ElementFinder$2.findElement(ElementLocation.java:165)
at org.openqa.selenium.remote.ElementLocation.findElement(ElementLocation.java:59)
at org.openqa.selenium.remote.RemoteWebDriver.findElement(RemoteWebDriver.java:364)
at org.openqa.selenium.remote.RemoteWebDriver.findElement(RemoteWebDriver.java:358)
at PageObjects.editPgmPg.clickEditByname(editPgmPg.java:49)
at StepDefinitions.editPgmStep.admin_updates_the_program_name_field_and_clicks_save_button(editPgmStep.java:89)
at ✽.Admin updates the program name "Manage Program" 5 field and clicks save button(file:///C:/Users/nsatc/git/Team17_Testing_Squad/src/test/resources/Features/03_03_editProgramDetails.feature:18)
]]>
    </error>
  </testcase> <!-- runScenario -->
  <system-out/>
  <testcase classname="Runner.MyTestRunner" name="runScenario" time="2.017"/>
  <system-out/>
  <testcase classname="Runner.MyTestRunner" name="runScenario" time="10.179">
    <error message="no such element: Unable to locate element: {&quot;method&quot;:&quot;xpath&quot;,&quot;selector&quot;:&quot;//button[@class=&#039;p-paginator-prev p-paginator-element p-link p-ripple&#039;]&quot;}
  (Session info: chrome=124.0.6367.79)
For documentation on this error, please visit: https://www.selenium.dev/documentation/webdriver/troubleshooting/errors#no-such-element-exception
Build info: version: &#039;4.15.0&#039;, revision: &#039;1d14b5521b&#039;
System info: os.name: &#039;Windows 11&#039;, os.arch: &#039;amd64&#039;, os.version: &#039;10.0&#039;, java.version: &#039;21.0.1&#039;
Driver info: org.openqa.selenium.chrome.ChromeDriver
Command: [507114f9899f50b14034efed007d6bca, findElement {using=xpath, value=//button[@class=&#039;p-paginator-prev p-paginator-element p-link p-ripple&#039;]}]
Capabilities {acceptInsecureCerts: false, browserName: chrome, browserVersion: 124.0.6367.79, chrome: {chromedriverVersion: 124.0.6367.91 (51df0e5e17a8..., userDataDir: C:\Users\nsatc\AppData\Loca...}, fedcm:accounts: true, goog:chromeOptions: {debuggerAddress: localhost:51485}, networkConnectionEnabled: false, pageLoadStrategy: normal, platformName: windows, proxy: Proxy(), se:cdp: ws://localhost:51485/devtoo..., se:cdpVersion: 124.0.6367.79, setWindowRect: true, strictFileInteractability: false, timeouts: {implicit: 0, pageLoad: 300000, script: 30000}, unhandledPromptBehavior: dismiss and notify, webauthn:extension:credBlob: true, webauthn:extension:largeBlob: true, webauthn:extension:minPinLength: true, webauthn:extension:prf: true, webauthn:virtualAuthenticators: true}
Session ID: 507114f9899f50b14034efed007d6bca" type="org.openqa.selenium.NoSuchElementException">
      <![CDATA[org.openqa.selenium.NoSuchElementException: no such element: Unable to locate element: {"method":"xpath","selector":"//button[@class='p-paginator-prev p-paginator-element p-link p-ripple']"}
  (Session info: chrome=124.0.6367.79)
For documentation on this error, please visit: https://www.selenium.dev/documentation/webdriver/troubleshooting/errors#no-such-element-exception
Build info: version: '4.15.0', revision: '1d14b5521b'
System info: os.name: 'Windows 11', os.arch: 'amd64', os.version: '10.0', java.version: '21.0.1'
Driver info: org.openqa.selenium.chrome.ChromeDriver
Command: [507114f9899f50b14034efed007d6bca, findElement {using=xpath, value=//button[@class='p-paginator-prev p-paginator-element p-link p-ripple']}]
Capabilities {acceptInsecureCerts: false, browserName: chrome, browserVersion: 124.0.6367.79, chrome: {chromedriverVersion: 124.0.6367.91 (51df0e5e17a8..., userDataDir: C:\Users\nsatc\AppData\Loca...}, fedcm:accounts: true, goog:chromeOptions: {debuggerAddress: localhost:51485}, networkConnectionEnabled: false, pageLoadStrategy: normal, platformName: windows, proxy: Proxy(), se:cdp: ws://localhost:51485/devtoo..., se:cdpVersion: 124.0.6367.79, setWindowRect: true, strictFileInteractability: false, timeouts: {implicit: 0, pageLoad: 300000, script: 30000}, unhandledPromptBehavior: dismiss and notify, webauthn:extension:credBlob: true, webauthn:extension:largeBlob: true, webauthn:extension:minPinLength: true, webauthn:extension:prf: true, webauthn:virtualAuthenticators: true}
Session ID: 507114f9899f50b14034efed007d6bca
at java.base/jdk.internal.reflect.DirectConstructorHandleAccessor.newInstance(DirectConstructorHandleAccessor.java:62)
at java.base/java.lang.reflect.Constructor.newInstanceWithCaller(Constructor.java:502)
at java.base/java.lang.reflect.Constructor.newInstance(Constructor.java:486)
at org.openqa.selenium.remote.codec.w3c.W3CHttpResponseCodec.createException(W3CHttpResponseCodec.java:200)
at org.openqa.selenium.remote.codec.w3c.W3CHttpResponseCodec.decode(W3CHttpResponseCodec.java:133)
at org.openqa.selenium.remote.codec.w3c.W3CHttpResponseCodec.decode(W3CHttpResponseCodec.java:52)
at org.openqa.selenium.remote.HttpCommandExecutor.execute(HttpCommandExecutor.java:191)
at org.openqa.selenium.remote.service.DriverCommandExecutor.invokeExecute(DriverCommandExecutor.java:200)
at org.openqa.selenium.remote.service.DriverCommandExecutor.execute(DriverCommandExecutor.java:175)
at org.openqa.selenium.remote.RemoteWebDriver.execute(RemoteWebDriver.java:607)
at org.openqa.selenium.remote.ElementLocation$ElementFinder$2.findElement(ElementLocation.java:165)
at org.openqa.selenium.remote.ElementLocation.findElement(ElementLocation.java:59)
at org.openqa.selenium.remote.RemoteWebDriver.findElement(RemoteWebDriver.java:364)
at org.openqa.selenium.remote.RemoteWebDriver.findElement(RemoteWebDriver.java:358)
at PageObjects.DeleteMultipleUsers.deletemultirow(DeleteMultipleUsers.java:64)
at StepDefinitions.DeleteMultipleUsersSteps.click_del_button_below_Manage_User_header(DeleteMultipleUsersSteps.java:56)
at ✽.Click del button below Manage User header.(file:///C:/Users/nsatc/git/Team17_Testing_Squad/src/test/resources/Features/05_06MultipleDeleteUser.feature:17)
]]>
    </error>
  </testcase> <!-- runScenario -->
  <system-out/>
  <testcase classname="Runner.MyTestRunner" name="runScenario" time="0.102"/>
  <system-out/>
  <testcase classname="Runner.MyTestRunner" name="runScenario" time="1.062"/>
  <system-out/>
  <testcase classname="Runner.MyTestRunner" name="runScenario" time="1.809"/>
  <system-out/>
  <testcase classname="Runner.MyTestRunner" name="runScenario" time="1.119"/>
  <system-out/>
  <testcase classname="Runner.MyTestRunner" name="runScenario" time="1.724"/>
  <system-out/>
  <testcase classname="Runner.MyTestRunner" name="runScenario" time="1.690"/>
  <system-out/>
  <testcase classname="Runner.MyTestRunner" name="runScenario" time="0.245"/>
  <system-out/>
  <testcase classname="Runner.MyTestRunner" name="runScenario" time="1.706"/>
  <system-out/>
  <testcase classname="Runner.MyTestRunner" name="runScenario" time="0.300"/>
  <system-out/>
  <testcase classname="Runner.MyTestRunner" name="runScenario" time="0.353"/>
  <system-out/>
  <testcase classname="Runner.MyTestRunner" name="runScenario" time="0.084"/>
  <system-out/>
  <testcase classname="Runner.MyTestRunner" name="runScenario" time="0.106"/>
  <system-out/>
  <testcase classname="Runner.MyTestRunner" name="runScenario" time="2.108"/>
  <system-out/>
  <testcase classname="Runner.MyTestRunner" name="runScenario" time="5.600">
    <error message="no such element: Unable to locate element: {&quot;method&quot;:&quot;xpath&quot;,&quot;selector&quot;:&quot;//td[normalize-space()=&#039;Testing Squad&#039;]&quot;}
  (Session info: chrome=124.0.6367.79)
For documentation on this error, please visit: https://www.selenium.dev/documentation/webdriver/troubleshooting/errors#no-such-element-exception
Build info: version: &#039;4.15.0&#039;, revision: &#039;1d14b5521b&#039;
System info: os.name: &#039;Windows 11&#039;, os.arch: &#039;amd64&#039;, os.version: &#039;10.0&#039;, java.version: &#039;21.0.1&#039;
Driver info: org.openqa.selenium.chrome.ChromeDriver
Command: [507114f9899f50b14034efed007d6bca, findElement {using=xpath, value=//td[normalize-space()=&#039;Testing Squad&#039;]}]
Capabilities {acceptInsecureCerts: false, browserName: chrome, browserVersion: 124.0.6367.79, chrome: {chromedriverVersion: 124.0.6367.91 (51df0e5e17a8..., userDataDir: C:\Users\nsatc\AppData\Loca...}, fedcm:accounts: true, goog:chromeOptions: {debuggerAddress: localhost:51485}, networkConnectionEnabled: false, pageLoadStrategy: normal, platformName: windows, proxy: Proxy(), se:cdp: ws://localhost:51485/devtoo..., se:cdpVersion: 124.0.6367.79, setWindowRect: true, strictFileInteractability: false, timeouts: {implicit: 0, pageLoad: 300000, script: 30000}, unhandledPromptBehavior: dismiss and notify, webauthn:extension:credBlob: true, webauthn:extension:largeBlob: true, webauthn:extension:minPinLength: true, webauthn:extension:prf: true, webauthn:virtualAuthenticators: true}
Session ID: 507114f9899f50b14034efed007d6bca" type="org.openqa.selenium.NoSuchElementException">
      <![CDATA[org.openqa.selenium.NoSuchElementException: no such element: Unable to locate element: {"method":"xpath","selector":"//td[normalize-space()='Testing Squad']"}
  (Session info: chrome=124.0.6367.79)
For documentation on this error, please visit: https://www.selenium.dev/documentation/webdriver/troubleshooting/errors#no-such-element-exception
Build info: version: '4.15.0', revision: '1d14b5521b'
System info: os.name: 'Windows 11', os.arch: 'amd64', os.version: '10.0', java.version: '21.0.1'
Driver info: org.openqa.selenium.chrome.ChromeDriver
Command: [507114f9899f50b14034efed007d6bca, findElement {using=xpath, value=//td[normalize-space()='Testing Squad']}]
Capabilities {acceptInsecureCerts: false, browserName: chrome, browserVersion: 124.0.6367.79, chrome: {chromedriverVersion: 124.0.6367.91 (51df0e5e17a8..., userDataDir: C:\Users\nsatc\AppData\Loca...}, fedcm:accounts: true, goog:chromeOptions: {debuggerAddress: localhost:51485}, networkConnectionEnabled: false, pageLoadStrategy: normal, platformName: windows, proxy: Proxy(), se:cdp: ws://localhost:51485/devtoo..., se:cdpVersion: 124.0.6367.79, setWindowRect: true, strictFileInteractability: false, timeouts: {implicit: 0, pageLoad: 300000, script: 30000}, unhandledPromptBehavior: dismiss and notify, webauthn:extension:credBlob: true, webauthn:extension:largeBlob: true, webauthn:extension:minPinLength: true, webauthn:extension:prf: true, webauthn:virtualAuthenticators: true}
Session ID: 507114f9899f50b14034efed007d6bca
at java.base/jdk.internal.reflect.DirectConstructorHandleAccessor.newInstance(DirectConstructorHandleAccessor.java:62)
at java.base/java.lang.reflect.Constructor.newInstanceWithCaller(Constructor.java:502)
at java.base/java.lang.reflect.Constructor.newInstance(Constructor.java:486)
at org.openqa.selenium.remote.codec.w3c.W3CHttpResponseCodec.createException(W3CHttpResponseCodec.java:200)
at org.openqa.selenium.remote.codec.w3c.W3CHttpResponseCodec.decode(W3CHttpResponseCodec.java:133)
at org.openqa.selenium.remote.codec.w3c.W3CHttpResponseCodec.decode(W3CHttpResponseCodec.java:52)
at org.openqa.selenium.remote.HttpCommandExecutor.execute(HttpCommandExecutor.java:191)
at org.openqa.selenium.remote.service.DriverCommandExecutor.invokeExecute(DriverCommandExecutor.java:200)
at org.openqa.selenium.remote.service.DriverCommandExecutor.execute(DriverCommandExecutor.java:175)
at org.openqa.selenium.remote.RemoteWebDriver.execute(RemoteWebDriver.java:607)
at org.openqa.selenium.remote.ElementLocation$ElementFinder$2.findElement(ElementLocation.java:165)
at org.openqa.selenium.remote.ElementLocation.findElement(ElementLocation.java:59)
at org.openqa.selenium.remote.RemoteWebDriver.findElement(RemoteWebDriver.java:364)
at org.openqa.selenium.remote.RemoteWebDriver.findElement(RemoteWebDriver.java:358)
at PageObjects.userPage.searchedValidUser(userPage.java:196)
at StepDefinitions.UserPageSteps.admin_should_see_user_displayed_with_the_entered_name(UserPageSteps.java:191)
at ✽.Admin should see user displayed with the entered name(file:///C:/Users/nsatc/git/Team17_Testing_Squad/src/test/resources/Features/05_01user.feature:46)
]]>
    </error>
  </testcase> <!-- runScenario -->
  <system-out/>
  <testcase classname="Runner.MyTestRunner" name="runScenario" time="5.422"/>
  <system-out/>
  <testcase classname="Runner.MyTestRunner" name="runScenario" time="3.298">
    <error message="element click intercepted: Element &lt;th _ngcontent-kfg-c153=&quot;&quot; psortablecolumn=&quot;userFirstName&quot; style=&quot;width: 10rem;&quot; tabindex=&quot;0&quot; role=&quot;columnheader&quot; aria-sort=&quot;none&quot; class=&quot;p-sortable-column&quot;&gt;...&lt;/th&gt; is not clickable at point (417, 218). Other element would receive the click: &lt;input _ngcontent-kfg-c153=&quot;&quot; matinput=&quot;&quot; type=&quot;email&quot; placeholder=&quot;Email address&quot; formcontrolname=&quot;userLoginEmail&quot; class=&quot;mat-input-element mat-form-field-autofill-control ng-tns-c78-148 ng-touched ng-dirty ng-invalid cdk-text-field-autofill-monitored&quot; aria-describedby=&quot;mat-error-87&quot; id=&quot;mat-input-107&quot; data-placeholder=&quot;Email address&quot; aria-invalid=&quot;false&quot; aria-required=&quot;false&quot;&gt;
  (Session info: chrome=124.0.6367.79)
Build info: version: &#039;4.15.0&#039;, revision: &#039;1d14b5521b&#039;
System info: os.name: &#039;Windows 11&#039;, os.arch: &#039;amd64&#039;, os.version: &#039;10.0&#039;, java.version: &#039;21.0.1&#039;
Driver info: org.openqa.selenium.chrome.ChromeDriver
Command: [507114f9899f50b14034efed007d6bca, clickElement {id=f.A76F513529D9F04246A80BEDA744734E.d.475E19676F4E6938A94571DAEC481D5C.e.4060}]
Capabilities {acceptInsecureCerts: false, browserName: chrome, browserVersion: 124.0.6367.79, chrome: {chromedriverVersion: 124.0.6367.91 (51df0e5e17a8..., userDataDir: C:\Users\nsatc\AppData\Loca...}, fedcm:accounts: true, goog:chromeOptions: {debuggerAddress: localhost:51485}, networkConnectionEnabled: false, pageLoadStrategy: normal, platformName: windows, proxy: Proxy(), se:cdp: ws://localhost:51485/devtoo..., se:cdpVersion: 124.0.6367.79, setWindowRect: true, strictFileInteractability: false, timeouts: {implicit: 0, pageLoad: 300000, script: 30000}, unhandledPromptBehavior: dismiss and notify, webauthn:extension:credBlob: true, webauthn:extension:largeBlob: true, webauthn:extension:minPinLength: true, webauthn:extension:prf: true, webauthn:virtualAuthenticators: true}
Element: [[ChromeDriver: chrome on windows (507114f9899f50b14034efed007d6bca)] -&gt; xpath: //th[normalize-space()=&#039;Name&#039;]]
Session ID: 507114f9899f50b14034efed007d6bca" type="org.openqa.selenium.ElementClickInterceptedException">
      <![CDATA[org.openqa.selenium.ElementClickInterceptedException: element click intercepted: Element <th _ngcontent-kfg-c153="" psortablecolumn="userFirstName" style="width: 10rem;" tabindex="0" role="columnheader" aria-sort="none" class="p-sortable-column">...</th> is not clickable at point (417, 218). Other element would receive the click: <input _ngcontent-kfg-c153="" matinput="" type="email" placeholder="Email address" formcontrolname="userLoginEmail" class="mat-input-element mat-form-field-autofill-control ng-tns-c78-148 ng-touched ng-dirty ng-invalid cdk-text-field-autofill-monitored" aria-describedby="mat-error-87" id="mat-input-107" data-placeholder="Email address" aria-invalid="false" aria-required="false">
  (Session info: chrome=124.0.6367.79)
Build info: version: '4.15.0', revision: '1d14b5521b'
System info: os.name: 'Windows 11', os.arch: 'amd64', os.version: '10.0', java.version: '21.0.1'
Driver info: org.openqa.selenium.chrome.ChromeDriver
Command: [507114f9899f50b14034efed007d6bca, clickElement {id=f.A76F513529D9F04246A80BEDA744734E.d.475E19676F4E6938A94571DAEC481D5C.e.4060}]
Capabilities {acceptInsecureCerts: false, browserName: chrome, browserVersion: 124.0.6367.79, chrome: {chromedriverVersion: 124.0.6367.91 (51df0e5e17a8..., userDataDir: C:\Users\nsatc\AppData\Loca...}, fedcm:accounts: true, goog:chromeOptions: {debuggerAddress: localhost:51485}, networkConnectionEnabled: false, pageLoadStrategy: normal, platformName: windows, proxy: Proxy(), se:cdp: ws://localhost:51485/devtoo..., se:cdpVersion: 124.0.6367.79, setWindowRect: true, strictFileInteractability: false, timeouts: {implicit: 0, pageLoad: 300000, script: 30000}, unhandledPromptBehavior: dismiss and notify, webauthn:extension:credBlob: true, webauthn:extension:largeBlob: true, webauthn:extension:minPinLength: true, webauthn:extension:prf: true, webauthn:virtualAuthenticators: true}
Element: [[ChromeDriver: chrome on windows (507114f9899f50b14034efed007d6bca)] -> xpath: //th[normalize-space()='Name']]
Session ID: 507114f9899f50b14034efed007d6bca
at java.base/jdk.internal.reflect.DirectConstructorHandleAccessor.newInstance(DirectConstructorHandleAccessor.java:62)
at java.base/java.lang.reflect.Constructor.newInstanceWithCaller(Constructor.java:502)
at java.base/java.lang.reflect.Constructor.newInstance(Constructor.java:486)
at org.openqa.selenium.remote.codec.w3c.W3CHttpResponseCodec.createException(W3CHttpResponseCodec.java:200)
at org.openqa.selenium.remote.codec.w3c.W3CHttpResponseCodec.decode(W3CHttpResponseCodec.java:133)
at org.openqa.selenium.remote.codec.w3c.W3CHttpResponseCodec.decode(W3CHttpResponseCodec.java:52)
at org.openqa.selenium.remote.HttpCommandExecutor.execute(HttpCommandExecutor.java:191)
at org.openqa.selenium.remote.service.DriverCommandExecutor.invokeExecute(DriverCommandExecutor.java:200)
at org.openqa.selenium.remote.service.DriverCommandExecutor.execute(DriverCommandExecutor.java:175)
at org.openqa.selenium.remote.RemoteWebDriver.execute(RemoteWebDriver.java:607)
at org.openqa.selenium.remote.RemoteWebElement.execute(RemoteWebElement.java:224)
at org.openqa.selenium.remote.RemoteWebElement.click(RemoteWebElement.java:77)
at PageObjects.sortUserPage.clickColumnNameHeader(sortUserPage.java:71)
at StepDefinitions.SortingUserPageSteps.admin_clicks_on_name_sort_icon(SortingUserPageSteps.java:52)
at ✽.Admin clicks on name sort icon(file:///C:/Users/nsatc/git/Team17_Testing_Squad/src/test/resources/Features/05_04sortUser.feature:13)
]]>
    </error>
  </testcase> <!-- runScenario -->
  <system-out/>
  <testcase classname="Runner.MyTestRunner" name="runScenario" time="2.759"/>
  <system-out/>
  <testcase classname="Runner.MyTestRunner" name="runScenario" time="6.852"/>
  <system-out/>
  <testcase classname="Runner.MyTestRunner" name="runScenario" time="0.038"/>
  <system-out/>
  <testcase classname="Runner.MyTestRunner" name="runScenario" time="2.086"/>
  <system-out/>
  <testcase classname="Runner.MyTestRunner" name="runScenario" time="0.707"/>
  <system-out/>
  <testcase classname="Runner.MyTestRunner" name="runScenario" time="1.578"/>
  <system-out/>
  <testcase classname="Runner.MyTestRunner" name="runScenario" time="1.168"/>
  <system-out/>
  <testcase classname="Runner.MyTestRunner" name="runScenario" time="0.140"/>
  <system-out/>
  <testcase classname="Runner.MyTestRunner" name="runScenario" time="0.427"/>
  <system-out/>
  <testcase classname="Runner.MyTestRunner" name="runScenario" time="7.867">
    <error message="no such element: Unable to locate element: {&quot;method&quot;:&quot;xpath&quot;,&quot;selector&quot;:&quot;//div[text()=&#039;User Added Successfully&#039;]&quot;}
  (Session info: chrome=124.0.6367.79)
For documentation on this error, please visit: https://www.selenium.dev/documentation/webdriver/troubleshooting/errors#no-such-element-exception
Build info: version: &#039;4.15.0&#039;, revision: &#039;1d14b5521b&#039;
System info: os.name: &#039;Windows 11&#039;, os.arch: &#039;amd64&#039;, os.version: &#039;10.0&#039;, java.version: &#039;21.0.1&#039;
Driver info: org.openqa.selenium.chrome.ChromeDriver
Command: [507114f9899f50b14034efed007d6bca, findElement {using=xpath, value=//div[text()=&#039;User Added Successfully&#039;]}]
Capabilities {acceptInsecureCerts: false, browserName: chrome, browserVersion: 124.0.6367.79, chrome: {chromedriverVersion: 124.0.6367.91 (51df0e5e17a8..., userDataDir: C:\Users\nsatc\AppData\Loca...}, fedcm:accounts: true, goog:chromeOptions: {debuggerAddress: localhost:51485}, networkConnectionEnabled: false, pageLoadStrategy: normal, platformName: windows, proxy: Proxy(), se:cdp: ws://localhost:51485/devtoo..., se:cdpVersion: 124.0.6367.79, setWindowRect: true, strictFileInteractability: false, timeouts: {implicit: 0, pageLoad: 300000, script: 30000}, unhandledPromptBehavior: dismiss and notify, webauthn:extension:credBlob: true, webauthn:extension:largeBlob: true, webauthn:extension:minPinLength: true, webauthn:extension:prf: true, webauthn:virtualAuthenticators: true}
Session ID: 507114f9899f50b14034efed007d6bca" type="org.openqa.selenium.NoSuchElementException">
      <![CDATA[org.openqa.selenium.NoSuchElementException: no such element: Unable to locate element: {"method":"xpath","selector":"//div[text()='User Added Successfully']"}
  (Session info: chrome=124.0.6367.79)
For documentation on this error, please visit: https://www.selenium.dev/documentation/webdriver/troubleshooting/errors#no-such-element-exception
Build info: version: '4.15.0', revision: '1d14b5521b'
System info: os.name: 'Windows 11', os.arch: 'amd64', os.version: '10.0', java.version: '21.0.1'
Driver info: org.openqa.selenium.chrome.ChromeDriver
Command: [507114f9899f50b14034efed007d6bca, findElement {using=xpath, value=//div[text()='User Added Successfully']}]
Capabilities {acceptInsecureCerts: false, browserName: chrome, browserVersion: 124.0.6367.79, chrome: {chromedriverVersion: 124.0.6367.91 (51df0e5e17a8..., userDataDir: C:\Users\nsatc\AppData\Loca...}, fedcm:accounts: true, goog:chromeOptions: {debuggerAddress: localhost:51485}, networkConnectionEnabled: false, pageLoadStrategy: normal, platformName: windows, proxy: Proxy(), se:cdp: ws://localhost:51485/devtoo..., se:cdpVersion: 124.0.6367.79, setWindowRect: true, strictFileInteractability: false, timeouts: {implicit: 0, pageLoad: 300000, script: 30000}, unhandledPromptBehavior: dismiss and notify, webauthn:extension:credBlob: true, webauthn:extension:largeBlob: true, webauthn:extension:minPinLength: true, webauthn:extension:prf: true, webauthn:virtualAuthenticators: true}
Session ID: 507114f9899f50b14034efed007d6bca
at java.base/jdk.internal.reflect.DirectConstructorHandleAccessor.newInstance(DirectConstructorHandleAccessor.java:62)
at java.base/java.lang.reflect.Constructor.newInstanceWithCaller(Constructor.java:502)
at java.base/java.lang.reflect.Constructor.newInstance(Constructor.java:486)
at org.openqa.selenium.remote.codec.w3c.W3CHttpResponseCodec.createException(W3CHttpResponseCodec.java:200)
at org.openqa.selenium.remote.codec.w3c.W3CHttpResponseCodec.decode(W3CHttpResponseCodec.java:133)
at org.openqa.selenium.remote.codec.w3c.W3CHttpResponseCodec.decode(W3CHttpResponseCodec.java:52)
at org.openqa.selenium.remote.HttpCommandExecutor.execute(HttpCommandExecutor.java:191)
at org.openqa.selenium.remote.service.DriverCommandExecutor.invokeExecute(DriverCommandExecutor.java:200)
at org.openqa.selenium.remote.service.DriverCommandExecutor.execute(DriverCommandExecutor.java:175)
at org.openqa.selenium.remote.RemoteWebDriver.execute(RemoteWebDriver.java:607)
at org.openqa.selenium.remote.ElementLocation$ElementFinder$2.findElement(ElementLocation.java:165)
at org.openqa.selenium.remote.ElementLocation.findElement(ElementLocation.java:59)
at org.openqa.selenium.remote.RemoteWebDriver.findElement(RemoteWebDriver.java:364)
at org.openqa.selenium.remote.RemoteWebDriver.findElement(RemoteWebDriver.java:358)
at PageObjects.addUserPage.getSucessMsg(addUserPage.java:212)
at StepDefinitions.AddUserPageSteps.admin_gets_a_message(AddUserPageSteps.java:111)
at ✽.Admin gets a message "User Added Successfully"(file:///C:/Users/nsatc/git/Team17_Testing_Squad/src/test/resources/Features/05_02addUser.feature:50)
]]>
    </error>
  </testcase> <!-- runScenario -->
  <system-out/>
  <testcase classname="Runner.MyTestRunner" name="runScenario" time="1.320"/>
  <system-out/>
  <testcase classname="Runner.MyTestRunner" name="runScenario" time="0.533"/>
  <system-out/>
  <testcase classname="Runner.MyTestRunner" name="runScenario" time="8.269"/>
  <system-out/>
  <testcase classname="Runner.MyTestRunner" name="runScenario" time="1.238"/>
  <system-out/>
  <testcase classname="Runner.MyTestRunner" name="runScenario" time="0.282"/>
  <system-out/>
  <testcase classname="Runner.MyTestRunner" name="runScenario" time="0.379"/>
  <system-out/>
  <testcase classname="Runner.MyTestRunner" name="runScenario" time="1.209">
    <error message="element click intercepted: Element &lt;th _ngcontent-kfg-c153=&quot;&quot; psortablecolumn=&quot;userLocation&quot; style=&quot;width: 15rem;&quot; tabindex=&quot;0&quot; role=&quot;columnheader&quot; aria-sort=&quot;none&quot; class=&quot;p-sortable-column&quot;&gt;...&lt;/th&gt; is not clickable at point (654, 218). Other element would receive the click: &lt;input _ngcontent-kfg-c153=&quot;&quot; matinput=&quot;&quot; type=&quot;email&quot; placeholder=&quot;Email address&quot; formcontrolname=&quot;userLoginEmail&quot; class=&quot;mat-input-element mat-form-field-autofill-control ng-tns-c78-148 ng-touched ng-dirty ng-invalid cdk-text-field-autofill-monitored&quot; aria-describedby=&quot;mat-error-87&quot; id=&quot;mat-input-107&quot; data-placeholder=&quot;Email address&quot; aria-invalid=&quot;false&quot; aria-required=&quot;false&quot;&gt;
  (Session info: chrome=124.0.6367.79)
Build info: version: &#039;4.15.0&#039;, revision: &#039;1d14b5521b&#039;
System info: os.name: &#039;Windows 11&#039;, os.arch: &#039;amd64&#039;, os.version: &#039;10.0&#039;, java.version: &#039;21.0.1&#039;
Driver info: org.openqa.selenium.chrome.ChromeDriver
Command: [507114f9899f50b14034efed007d6bca, clickElement {id=f.A76F513529D9F04246A80BEDA744734E.d.475E19676F4E6938A94571DAEC481D5C.e.4062}]
Capabilities {acceptInsecureCerts: false, browserName: chrome, browserVersion: 124.0.6367.79, chrome: {chromedriverVersion: 124.0.6367.91 (51df0e5e17a8..., userDataDir: C:\Users\nsatc\AppData\Loca...}, fedcm:accounts: true, goog:chromeOptions: {debuggerAddress: localhost:51485}, networkConnectionEnabled: false, pageLoadStrategy: normal, platformName: windows, proxy: Proxy(), se:cdp: ws://localhost:51485/devtoo..., se:cdpVersion: 124.0.6367.79, setWindowRect: true, strictFileInteractability: false, timeouts: {implicit: 0, pageLoad: 300000, script: 30000}, unhandledPromptBehavior: dismiss and notify, webauthn:extension:credBlob: true, webauthn:extension:largeBlob: true, webauthn:extension:minPinLength: true, webauthn:extension:prf: true, webauthn:virtualAuthenticators: true}
Element: [[ChromeDriver: chrome on windows (507114f9899f50b14034efed007d6bca)] -&gt; xpath: //th[normalize-space()=&#039;Location&#039;]]
Session ID: 507114f9899f50b14034efed007d6bca" type="org.openqa.selenium.ElementClickInterceptedException">
      <![CDATA[org.openqa.selenium.ElementClickInterceptedException: element click intercepted: Element <th _ngcontent-kfg-c153="" psortablecolumn="userLocation" style="width: 15rem;" tabindex="0" role="columnheader" aria-sort="none" class="p-sortable-column">...</th> is not clickable at point (654, 218). Other element would receive the click: <input _ngcontent-kfg-c153="" matinput="" type="email" placeholder="Email address" formcontrolname="userLoginEmail" class="mat-input-element mat-form-field-autofill-control ng-tns-c78-148 ng-touched ng-dirty ng-invalid cdk-text-field-autofill-monitored" aria-describedby="mat-error-87" id="mat-input-107" data-placeholder="Email address" aria-invalid="false" aria-required="false">
  (Session info: chrome=124.0.6367.79)
Build info: version: '4.15.0', revision: '1d14b5521b'
System info: os.name: 'Windows 11', os.arch: 'amd64', os.version: '10.0', java.version: '21.0.1'
Driver info: org.openqa.selenium.chrome.ChromeDriver
Command: [507114f9899f50b14034efed007d6bca, clickElement {id=f.A76F513529D9F04246A80BEDA744734E.d.475E19676F4E6938A94571DAEC481D5C.e.4062}]
Capabilities {acceptInsecureCerts: false, browserName: chrome, browserVersion: 124.0.6367.79, chrome: {chromedriverVersion: 124.0.6367.91 (51df0e5e17a8..., userDataDir: C:\Users\nsatc\AppData\Loca...}, fedcm:accounts: true, goog:chromeOptions: {debuggerAddress: localhost:51485}, networkConnectionEnabled: false, pageLoadStrategy: normal, platformName: windows, proxy: Proxy(), se:cdp: ws://localhost:51485/devtoo..., se:cdpVersion: 124.0.6367.79, setWindowRect: true, strictFileInteractability: false, timeouts: {implicit: 0, pageLoad: 300000, script: 30000}, unhandledPromptBehavior: dismiss and notify, webauthn:extension:credBlob: true, webauthn:extension:largeBlob: true, webauthn:extension:minPinLength: true, webauthn:extension:prf: true, webauthn:virtualAuthenticators: true}
Element: [[ChromeDriver: chrome on windows (507114f9899f50b14034efed007d6bca)] -> xpath: //th[normalize-space()='Location']]
Session ID: 507114f9899f50b14034efed007d6bca
at java.base/jdk.internal.reflect.DirectConstructorHandleAccessor.newInstance(DirectConstructorHandleAccessor.java:62)
at java.base/java.lang.reflect.Constructor.newInstanceWithCaller(Constructor.java:502)
at java.base/java.lang.reflect.Constructor.newInstance(Constructor.java:486)
at org.openqa.selenium.remote.codec.w3c.W3CHttpResponseCodec.createException(W3CHttpResponseCodec.java:200)
at org.openqa.selenium.remote.codec.w3c.W3CHttpResponseCodec.decode(W3CHttpResponseCodec.java:133)
at org.openqa.selenium.remote.codec.w3c.W3CHttpResponseCodec.decode(W3CHttpResponseCodec.java:52)
at org.openqa.selenium.remote.HttpCommandExecutor.execute(HttpCommandExecutor.java:191)
at org.openqa.selenium.remote.service.DriverCommandExecutor.invokeExecute(DriverCommandExecutor.java:200)
at org.openqa.selenium.remote.service.DriverCommandExecutor.execute(DriverCommandExecutor.java:175)
at org.openqa.selenium.remote.RemoteWebDriver.execute(RemoteWebDriver.java:607)
at org.openqa.selenium.remote.RemoteWebElement.execute(RemoteWebElement.java:224)
at org.openqa.selenium.remote.RemoteWebElement.click(RemoteWebElement.java:77)
at PageObjects.sortUserPage.clickColumnLocationHeader(sortUserPage.java:76)
at StepDefinitions.SortingUserPageSteps.admin_clicks_on_location_sort_icon(SortingUserPageSteps.java:64)
at ✽.Admin clicks on Location sort icon(file:///C:/Users/nsatc/git/Team17_Testing_Squad/src/test/resources/Features/05_04sortUser.feature:18)
]]>
    </error>
  </testcase> <!-- runScenario -->
  <system-out/>
  <testcase classname="Runner.MyTestRunner" name="runScenario" time="0.102"/>
  <system-out/>
  <testcase classname="Runner.MyTestRunner" name="runScenario" time="1.789">
    <failure message="Please enter your password is not displayed and it is displaying the following wrong message Invalid username and password Please try again expected [false] but found [true]" type="java.lang.AssertionError">
      <![CDATA[java.lang.AssertionError: Please enter your password is not displayed and it is displaying the following wrong message Invalid username and password Please try again expected [false] but found [true]
at org.testng.Assert.fail(Assert.java:110)
at org.testng.Assert.failNotEquals(Assert.java:1577)
at org.testng.Assert.assertEqualsImpl(Assert.java:149)
at org.testng.Assert.assertEquals(Assert.java:131)
at org.testng.Assert.assertEquals(Assert.java:1066)
at org.testng.Assert.assertEquals(Assert.java:1030)
at StepDefinitions.LoginPageSteps.Error_Msg_Validation(LoginPageSteps.java:77)
at ✽.Admin should see the Error message please check expected 'Please enter your password' displays(file:///C:/Users/nsatc/git/Team17_Testing_Squad/src/test/resources/Features/01_Login.feature:28)
]]>
    </failure>
  </testcase> <!-- runScenario -->
  <system-out/>
  <testcase classname="Runner.MyTestRunner" name="runScenario" time="6.239"/>
  <system-out/>
  <testcase classname="Runner.MyTestRunner" name="runScenario" time="1.648"/>
  <system-out/>
  <testcase classname="Runner.MyTestRunner" name="runScenario" time="0.505"/>
  <system-out/>
  <testcase classname="Runner.MyTestRunner" name="runScenario" time="1.105"/>
  <system-out/>
  <testcase classname="Runner.MyTestRunner" name="runScenario" time="6.842">
    <error message="no such element: Unable to locate element: {&quot;method&quot;:&quot;xpath&quot;,&quot;selector&quot;:&quot;//td[normalize-space()=&#039;aapriyanga&#039;]//following-sibling::td//button[1]&quot;}
  (Session info: chrome=124.0.6367.79)
For documentation on this error, please visit: https://www.selenium.dev/documentation/webdriver/troubleshooting/errors#no-such-element-exception
Build info: version: &#039;4.15.0&#039;, revision: &#039;1d14b5521b&#039;
System info: os.name: &#039;Windows 11&#039;, os.arch: &#039;amd64&#039;, os.version: &#039;10.0&#039;, java.version: &#039;21.0.1&#039;
Driver info: org.openqa.selenium.chrome.ChromeDriver
Command: [507114f9899f50b14034efed007d6bca, findElement {using=xpath, value=//td[normalize-space()=&#039;aapriyanga&#039;]//following-sibling::td//button[1]}]
Capabilities {acceptInsecureCerts: false, browserName: chrome, browserVersion: 124.0.6367.79, chrome: {chromedriverVersion: 124.0.6367.91 (51df0e5e17a8..., userDataDir: C:\Users\nsatc\AppData\Loca...}, fedcm:accounts: true, goog:chromeOptions: {debuggerAddress: localhost:51485}, networkConnectionEnabled: false, pageLoadStrategy: normal, platformName: windows, proxy: Proxy(), se:cdp: ws://localhost:51485/devtoo..., se:cdpVersion: 124.0.6367.79, setWindowRect: true, strictFileInteractability: false, timeouts: {implicit: 0, pageLoad: 300000, script: 30000}, unhandledPromptBehavior: dismiss and notify, webauthn:extension:credBlob: true, webauthn:extension:largeBlob: true, webauthn:extension:minPinLength: true, webauthn:extension:prf: true, webauthn:virtualAuthenticators: true}
Session ID: 507114f9899f50b14034efed007d6bca" type="org.openqa.selenium.NoSuchElementException">
      <![CDATA[org.openqa.selenium.NoSuchElementException: no such element: Unable to locate element: {"method":"xpath","selector":"//td[normalize-space()='aapriyanga']//following-sibling::td//button[1]"}
  (Session info: chrome=124.0.6367.79)
For documentation on this error, please visit: https://www.selenium.dev/documentation/webdriver/troubleshooting/errors#no-such-element-exception
Build info: version: '4.15.0', revision: '1d14b5521b'
System info: os.name: 'Windows 11', os.arch: 'amd64', os.version: '10.0', java.version: '21.0.1'
Driver info: org.openqa.selenium.chrome.ChromeDriver
Command: [507114f9899f50b14034efed007d6bca, findElement {using=xpath, value=//td[normalize-space()='aapriyanga']//following-sibling::td//button[1]}]
Capabilities {acceptInsecureCerts: false, browserName: chrome, browserVersion: 124.0.6367.79, chrome: {chromedriverVersion: 124.0.6367.91 (51df0e5e17a8..., userDataDir: C:\Users\nsatc\AppData\Loca...}, fedcm:accounts: true, goog:chromeOptions: {debuggerAddress: localhost:51485}, networkConnectionEnabled: false, pageLoadStrategy: normal, platformName: windows, proxy: Proxy(), se:cdp: ws://localhost:51485/devtoo..., se:cdpVersion: 124.0.6367.79, setWindowRect: true, strictFileInteractability: false, timeouts: {implicit: 0, pageLoad: 300000, script: 30000}, unhandledPromptBehavior: dismiss and notify, webauthn:extension:credBlob: true, webauthn:extension:largeBlob: true, webauthn:extension:minPinLength: true, webauthn:extension:prf: true, webauthn:virtualAuthenticators: true}
Session ID: 507114f9899f50b14034efed007d6bca
at java.base/jdk.internal.reflect.DirectConstructorHandleAccessor.newInstance(DirectConstructorHandleAccessor.java:62)
at java.base/java.lang.reflect.Constructor.newInstanceWithCaller(Constructor.java:502)
at java.base/java.lang.reflect.Constructor.newInstance(Constructor.java:486)
at org.openqa.selenium.remote.codec.w3c.W3CHttpResponseCodec.createException(W3CHttpResponseCodec.java:200)
at org.openqa.selenium.remote.codec.w3c.W3CHttpResponseCodec.decode(W3CHttpResponseCodec.java:133)
at org.openqa.selenium.remote.codec.w3c.W3CHttpResponseCodec.decode(W3CHttpResponseCodec.java:52)
at org.openqa.selenium.remote.HttpCommandExecutor.execute(HttpCommandExecutor.java:191)
at org.openqa.selenium.remote.service.DriverCommandExecutor.invokeExecute(DriverCommandExecutor.java:200)
at org.openqa.selenium.remote.service.DriverCommandExecutor.execute(DriverCommandExecutor.java:175)
at org.openqa.selenium.remote.RemoteWebDriver.execute(RemoteWebDriver.java:607)
at org.openqa.selenium.remote.ElementLocation$ElementFinder$2.findElement(ElementLocation.java:165)
at org.openqa.selenium.remote.ElementLocation.findElement(ElementLocation.java:59)
at org.openqa.selenium.remote.RemoteWebDriver.findElement(RemoteWebDriver.java:364)
at org.openqa.selenium.remote.RemoteWebDriver.findElement(RemoteWebDriver.java:358)
at PageObjects.editPgmPg.clickEditByname(editPgmPg.java:49)
at StepDefinitions.editPgmStep.admin_updates_the_status_and_clicks_save_button(editPgmStep.java:151)
at ✽.Admin updates the Status "Manage Program" 5  and clicks save button(file:///C:/Users/nsatc/git/Team17_Testing_Squad/src/test/resources/Features/03_03_editProgramDetails.feature:36)
]]>
    </error>
  </testcase> <!-- runScenario -->
  <system-out/>
  <testcase classname="Runner.MyTestRunner" name="runScenario" time="3.401"/>
  <system-out/>
  <testcase classname="Runner.MyTestRunner" name="runScenario" time="0.102"/>
  <system-out/>
  <testcase classname="Runner.MyTestRunner" name="runScenario" time="4.342"/>
  <system-out/>
  <testcase classname="Runner.MyTestRunner" name="runScenario" time="1.178"/>
  <system-out/>
  <testcase classname="Runner.MyTestRunner" name="runScenario" time="1.613"/>
  <system-out/>
  <testcase classname="Runner.MyTestRunner" name="runScenario" time="0.763"/>
  <system-out/>
  <testcase classname="Runner.MyTestRunner" name="runScenario" time="0.444"/>
  <system-out/>
  <testcase classname="Runner.MyTestRunner" name="runScenario" time="1.151"/>
  <system-out/>
  <testcase classname="Runner.MyTestRunner" name="runScenario" time="0.161"/>
  <system-out/>
  <testcase classname="Runner.MyTestRunner" name="runScenario" time="0.212"/>
  <system-out/>
  <testcase classname="Runner.MyTestRunner" name="runScenario" time="0.181"/>
  <system-out/>
  <testcase classname="Runner.MyTestRunner" name="runScenario" time="1.663"/>
  <system-out/>
  <testcase classname="Runner.MyTestRunner" name="runScenario" time="0.547"/>
  <system-out/>
  <testcase classname="Runner.MyTestRunner" name="runScenario" time="3.312"/>
  <system-out/>
  <testcase classname="Runner.MyTestRunner" name="runScenario" time="0.081"/>
  <system-out/>
  <testcase classname="Runner.MyTestRunner" name="runScenario" time="0.470"/>
  <system-out/>
  <testcase classname="Runner.MyTestRunner" name="runScenario" time="0.048"/>
  <system-out/>
  <testcase classname="Runner.MyTestRunner" name="runScenario" time="0.256"/>
  <system-out/>
  <testcase classname="Runner.MyTestRunner" name="runScenario" time="1.210"/>
  <system-out/>
  <testcase classname="Runner.MyTestRunner" name="runScenario" time="8.400"/>
  <system-out/>
  <testcase classname="Runner.MyTestRunner" name="runScenario" time="1.491"/>
  <system-out/>
  <testcase classname="Runner.MyTestRunner" name="runScenario" time="2.092"/>
  <system-out/>
  <testcase classname="Runner.MyTestRunner" name="runScenario" time="1.086"/>
  <system-out/>
  <testcase classname="Runner.MyTestRunner" name="runScenario" time="4.345"/>
  <system-out/>
  <testcase classname="Runner.MyTestRunner" name="runScenario" time="1.518"/>
  <system-out/>
  <testcase classname="Runner.MyTestRunner" name="runScenario" time="1.231">
    <error message="element click intercepted: Element &lt;div role=&quot;checkbox&quot; aria-checked=&quot;false&quot; class=&quot;p-checkbox-box p-component&quot;&gt;...&lt;/div&gt; is not clickable at point (178, 279). Other element would receive the click: &lt;div class=&quot;ng-tns-c132-6 p-dialog-mask p-component-overlay p-dialog-mask-scrollblocker ng-star-inserted&quot; style=&quot;z-index: 1021;&quot;&gt;...&lt;/div&gt;
  (Session info: chrome=124.0.6367.79)
Build info: version: &#039;4.15.0&#039;, revision: &#039;1d14b5521b&#039;
System info: os.name: &#039;Windows 11&#039;, os.arch: &#039;amd64&#039;, os.version: &#039;10.0&#039;, java.version: &#039;21.0.1&#039;
Driver info: org.openqa.selenium.chrome.ChromeDriver
Command: [507114f9899f50b14034efed007d6bca, clickElement {id=f.A76F513529D9F04246A80BEDA744734E.d.475E19676F4E6938A94571DAEC481D5C.e.4515}]
Capabilities {acceptInsecureCerts: false, browserName: chrome, browserVersion: 124.0.6367.79, chrome: {chromedriverVersion: 124.0.6367.91 (51df0e5e17a8..., userDataDir: C:\Users\nsatc\AppData\Loca...}, fedcm:accounts: true, goog:chromeOptions: {debuggerAddress: localhost:51485}, networkConnectionEnabled: false, pageLoadStrategy: normal, platformName: windows, proxy: Proxy(), se:cdp: ws://localhost:51485/devtoo..., se:cdpVersion: 124.0.6367.79, setWindowRect: true, strictFileInteractability: false, timeouts: {implicit: 0, pageLoad: 300000, script: 30000}, unhandledPromptBehavior: dismiss and notify, webauthn:extension:credBlob: true, webauthn:extension:largeBlob: true, webauthn:extension:minPinLength: true, webauthn:extension:prf: true, webauthn:virtualAuthenticators: true}
Element: [[ChromeDriver: chrome on windows (507114f9899f50b14034efed007d6bca)] -&gt; xpath: //tbody/tr[1]/td[1]/p-tablecheckbox[1]/div[1]/div[2]]
Session ID: 507114f9899f50b14034efed007d6bca" type="org.openqa.selenium.ElementClickInterceptedException">
      <![CDATA[org.openqa.selenium.ElementClickInterceptedException: element click intercepted: Element <div role="checkbox" aria-checked="false" class="p-checkbox-box p-component">...</div> is not clickable at point (178, 279). Other element would receive the click: <div class="ng-tns-c132-6 p-dialog-mask p-component-overlay p-dialog-mask-scrollblocker ng-star-inserted" style="z-index: 1021;">...</div>
  (Session info: chrome=124.0.6367.79)
Build info: version: '4.15.0', revision: '1d14b5521b'
System info: os.name: 'Windows 11', os.arch: 'amd64', os.version: '10.0', java.version: '21.0.1'
Driver info: org.openqa.selenium.chrome.ChromeDriver
Command: [507114f9899f50b14034efed007d6bca, clickElement {id=f.A76F513529D9F04246A80BEDA744734E.d.475E19676F4E6938A94571DAEC481D5C.e.4515}]
Capabilities {acceptInsecureCerts: false, browserName: chrome, browserVersion: 124.0.6367.79, chrome: {chromedriverVersion: 124.0.6367.91 (51df0e5e17a8..., userDataDir: C:\Users\nsatc\AppData\Loca...}, fedcm:accounts: true, goog:chromeOptions: {debuggerAddress: localhost:51485}, networkConnectionEnabled: false, pageLoadStrategy: normal, platformName: windows, proxy: Proxy(), se:cdp: ws://localhost:51485/devtoo..., se:cdpVersion: 124.0.6367.79, setWindowRect: true, strictFileInteractability: false, timeouts: {implicit: 0, pageLoad: 300000, script: 30000}, unhandledPromptBehavior: dismiss and notify, webauthn:extension:credBlob: true, webauthn:extension:largeBlob: true, webauthn:extension:minPinLength: true, webauthn:extension:prf: true, webauthn:virtualAuthenticators: true}
Element: [[ChromeDriver: chrome on windows (507114f9899f50b14034efed007d6bca)] -> xpath: //tbody/tr[1]/td[1]/p-tablecheckbox[1]/div[1]/div[2]]
Session ID: 507114f9899f50b14034efed007d6bca
at java.base/jdk.internal.reflect.DirectConstructorHandleAccessor.newInstance(DirectConstructorHandleAccessor.java:62)
at java.base/java.lang.reflect.Constructor.newInstanceWithCaller(Constructor.java:502)
at java.base/java.lang.reflect.Constructor.newInstance(Constructor.java:486)
at org.openqa.selenium.remote.codec.w3c.W3CHttpResponseCodec.createException(W3CHttpResponseCodec.java:200)
at org.openqa.selenium.remote.codec.w3c.W3CHttpResponseCodec.decode(W3CHttpResponseCodec.java:133)
at org.openqa.selenium.remote.codec.w3c.W3CHttpResponseCodec.decode(W3CHttpResponseCodec.java:52)
at org.openqa.selenium.remote.HttpCommandExecutor.execute(HttpCommandExecutor.java:191)
at org.openqa.selenium.remote.service.DriverCommandExecutor.invokeExecute(DriverCommandExecutor.java:200)
at org.openqa.selenium.remote.service.DriverCommandExecutor.execute(DriverCommandExecutor.java:175)
at org.openqa.selenium.remote.RemoteWebDriver.execute(RemoteWebDriver.java:607)
at org.openqa.selenium.remote.RemoteWebElement.execute(RemoteWebElement.java:224)
at org.openqa.selenium.remote.RemoteWebElement.click(RemoteWebElement.java:77)
at PageObjects.DeleteMultipleUsers.clicksingleicon(DeleteMultipleUsers.java:47)
at StepDefinitions.DeleteMultipleUsersSteps.One_checkbox_is_selected(DeleteMultipleUsersSteps.java:35)
at ✽.One checkbox is selected.(file:///C:/Users/nsatc/git/Team17_Testing_Squad/src/test/resources/Features/05_06MultipleDeleteUser.feature:10)
]]>
    </error>
  </testcase> <!-- runScenario -->
  <system-out/>
  <testcase classname="Runner.MyTestRunner" name="runScenario" time="0.852"/>
  <system-out/>
  <testcase classname="Runner.MyTestRunner" name="runScenario" time="1.188"/>
  <system-out/>
  <testcase classname="Runner.MyTestRunner" name="runScenario" time="1.770"/>
  <system-out/>
  <testcase classname="Runner.MyTestRunner" name="runScenario" time="0.854"/>
  <system-out/>
  <testcase classname="Runner.MyTestRunner" name="runScenario" time="4.333"/>
  <system-out/>
  <testcase classname="Runner.MyTestRunner" name="runScenario" time="2.881"/>
  <system-out/>
  <testcase classname="Runner.MyTestRunner" name="runScenario" time="1.597"/>
  <system-out/>
  <testcase classname="Runner.MyTestRunner" name="runScenario" time="6.302"/>
  <system-out/>
  <testcase classname="Runner.MyTestRunner" name="runScenario" time="1.960">
    <failure message="expected [true] but found [false]" type="java.lang.AssertionError">
      <![CDATA[java.lang.AssertionError: expected [true] but found [false]
at org.testng.Assert.fail(Assert.java:110)
at org.testng.Assert.failNotEquals(Assert.java:1577)
at org.testng.Assert.assertTrue(Assert.java:56)
at org.testng.Assert.assertTrue(Assert.java:66)
at StepDefinitions.addNewPgmStep.admin_gets_a_message_successful_program_created_alert_and_able_to_see_the_new_program_added_in_the_data_table(addNewPgmStep.java:322)
at ✽.Admin gets a message Successful Program Created alert and able to see the new program added in the data table(file:///C:/Users/nsatc/git/Team17_Testing_Squad/src/test/resources/Features/03_02_addNewProgram.feature:70)
]]>
    </failure>
  </testcase> <!-- runScenario -->
  <system-out/>
  <testcase classname="Runner.MyTestRunner" name="runScenario" time="0.484"/>
  <system-out/>
  <testcase classname="Runner.MyTestRunner" name="runScenario" time="6.197"/>
  <system-out/>
  <testcase classname="Runner.MyTestRunner" name="runScenario" time="4.935"/>
  <system-out/>
  <testcase classname="Runner.MyTestRunner" name="runScenario" time="0.683"/>
  <system-out/>
  <testcase classname="Runner.MyTestRunner" name="runScenario" time="0.717"/>
  <system-out/>
  <testcase classname="Runner.MyTestRunner" name="runScenario" time="1.306"/>
  <system-out/>
  <testcase classname="Runner.MyTestRunner" name="runScenario" time="1.628"/>
  <system-out/>
  <testcase classname="Runner.MyTestRunner" name="runScenario" time="0.275"/>
  <system-out/>
  <testcase classname="Runner.MyTestRunner" name="runScenario" time="0.075"/>
  <system-out/>
  <testcase classname="Runner.MyTestRunner" name="runScenario" time="0.255"/>
  <system-out/>
  <testcase classname="Runner.MyTestRunner" name="runScenario" time="0.707"/>
  <system-out/>
  <testcase classname="Runner.MyTestRunner" name="runScenario" time="5.228">
    <error message="element click intercepted: Element &lt;button _ngcontent-kfg-c223=&quot;&quot; id=&quot;user&quot; mat-button=&quot;&quot; a=&quot;&quot; routerlink=&quot;/user&quot; class=&quot;mat-focus-indicator mat-button mat-button-base&quot; tabindex=&quot;0&quot;&gt;...&lt;/button&gt; is not clickable at point (1243, 32). Other element would receive the click: &lt;div class=&quot;ng-tns-c132-6 p-dialog-mask p-component-overlay p-dialog-mask-scrollblocker ng-star-inserted&quot; style=&quot;z-index: 1021;&quot;&gt;...&lt;/div&gt;
  (Session info: chrome=124.0.6367.79)
Build info: version: &#039;4.15.0&#039;, revision: &#039;1d14b5521b&#039;
System info: os.name: &#039;Windows 11&#039;, os.arch: &#039;amd64&#039;, os.version: &#039;10.0&#039;, java.version: &#039;21.0.1&#039;
Driver info: org.openqa.selenium.chrome.ChromeDriver
Command: [507114f9899f50b14034efed007d6bca, clickElement {id=f.A76F513529D9F04246A80BEDA744734E.d.475E19676F4E6938A94571DAEC481D5C.e.4035}]
Capabilities {acceptInsecureCerts: false, browserName: chrome, browserVersion: 124.0.6367.79, chrome: {chromedriverVersion: 124.0.6367.91 (51df0e5e17a8..., userDataDir: C:\Users\nsatc\AppData\Loca...}, fedcm:accounts: true, goog:chromeOptions: {debuggerAddress: localhost:51485}, networkConnectionEnabled: false, pageLoadStrategy: normal, platformName: windows, proxy: Proxy(), se:cdp: ws://localhost:51485/devtoo..., se:cdpVersion: 124.0.6367.79, setWindowRect: true, strictFileInteractability: false, timeouts: {implicit: 0, pageLoad: 300000, script: 30000}, unhandledPromptBehavior: dismiss and notify, webauthn:extension:credBlob: true, webauthn:extension:largeBlob: true, webauthn:extension:minPinLength: true, webauthn:extension:prf: true, webauthn:virtualAuthenticators: true}
Element: [[ChromeDriver: chrome on windows (507114f9899f50b14034efed007d6bca)] -&gt; id: user]
Session ID: 507114f9899f50b14034efed007d6bca" type="org.openqa.selenium.ElementClickInterceptedException">
      <![CDATA[org.openqa.selenium.ElementClickInterceptedException: element click intercepted: Element <button _ngcontent-kfg-c223="" id="user" mat-button="" a="" routerlink="/user" class="mat-focus-indicator mat-button mat-button-base" tabindex="0">...</button> is not clickable at point (1243, 32). Other element would receive the click: <div class="ng-tns-c132-6 p-dialog-mask p-component-overlay p-dialog-mask-scrollblocker ng-star-inserted" style="z-index: 1021;">...</div>
  (Session info: chrome=124.0.6367.79)
Build info: version: '4.15.0', revision: '1d14b5521b'
System info: os.name: 'Windows 11', os.arch: 'amd64', os.version: '10.0', java.version: '21.0.1'
Driver info: org.openqa.selenium.chrome.ChromeDriver
Command: [507114f9899f50b14034efed007d6bca, clickElement {id=f.A76F513529D9F04246A80BEDA744734E.d.475E19676F4E6938A94571DAEC481D5C.e.4035}]
Capabilities {acceptInsecureCerts: false, browserName: chrome, browserVersion: 124.0.6367.79, chrome: {chromedriverVersion: 124.0.6367.91 (51df0e5e17a8..., userDataDir: C:\Users\nsatc\AppData\Loca...}, fedcm:accounts: true, goog:chromeOptions: {debuggerAddress: localhost:51485}, networkConnectionEnabled: false, pageLoadStrategy: normal, platformName: windows, proxy: Proxy(), se:cdp: ws://localhost:51485/devtoo..., se:cdpVersion: 124.0.6367.79, setWindowRect: true, strictFileInteractability: false, timeouts: {implicit: 0, pageLoad: 300000, script: 30000}, unhandledPromptBehavior: dismiss and notify, webauthn:extension:credBlob: true, webauthn:extension:largeBlob: true, webauthn:extension:minPinLength: true, webauthn:extension:prf: true, webauthn:virtualAuthenticators: true}
Element: [[ChromeDriver: chrome on windows (507114f9899f50b14034efed007d6bca)] -> id: user]
Session ID: 507114f9899f50b14034efed007d6bca
at java.base/jdk.internal.reflect.DirectConstructorHandleAccessor.newInstance(DirectConstructorHandleAccessor.java:62)
at java.base/java.lang.reflect.Constructor.newInstanceWithCaller(Constructor.java:502)
at java.base/java.lang.reflect.Constructor.newInstance(Constructor.java:486)
at org.openqa.selenium.remote.codec.w3c.W3CHttpResponseCodec.createException(W3CHttpResponseCodec.java:200)
at org.openqa.selenium.remote.codec.w3c.W3CHttpResponseCodec.decode(W3CHttpResponseCodec.java:133)
at org.openqa.selenium.remote.codec.w3c.W3CHttpResponseCodec.decode(W3CHttpResponseCodec.java:52)
at org.openqa.selenium.remote.HttpCommandExecutor.execute(HttpCommandExecutor.java:191)
at org.openqa.selenium.remote.service.DriverCommandExecutor.invokeExecute(DriverCommandExecutor.java:200)
at org.openqa.selenium.remote.service.DriverCommandExecutor.execute(DriverCommandExecutor.java:175)
at org.openqa.selenium.remote.RemoteWebDriver.execute(RemoteWebDriver.java:607)
at org.openqa.selenium.remote.RemoteWebElement.execute(RemoteWebElement.java:224)
at org.openqa.selenium.remote.RemoteWebElement.click(RemoteWebElement.java:77)
at PageObjects.AssignStaffPage.clickOnUserTab(AssignStaffPage.java:29)
at StepDefinitions.AssignStaffSteps.admin_is_on_User_page(AssignStaffSteps.java:26)
at ✽.Admin is on User Page..(file:///C:/Users/nsatc/git/Team17_Testing_Squad/src/test/resources/Features/05_08AssignStaffUser.feature:6)
]]>
    </error>
  </testcase> <!-- runScenario -->
  <system-out/>
  <testcase classname="Runner.MyTestRunner" name="runScenario" time="0.133"/>
  <system-out/>
  <testcase classname="Runner.MyTestRunner" name="runScenario" time="2.317"/>
  <system-out/>
  <testcase classname="Runner.MyTestRunner" name="runScenario" time="1.734"/>
  <system-out/>
  <testcase classname="Runner.MyTestRunner" name="runScenario" time="0.491"/>
  <system-out/>
  <testcase classname="Runner.MyTestRunner" name="runScenario" time="1.919"/>
  <system-out/>
  <testcase classname="Runner.MyTestRunner" name="runScenario" time="8.344"/>
  <system-out/>
  <testcase classname="Runner.MyTestRunner" name="runScenario" time="0.253"/>
  <system-out/>
  <testcase classname="Runner.MyTestRunner" name="runScenario" time="1.302">
    <error message="element click intercepted: Element &lt;th _ngcontent-kfg-c153=&quot;&quot; psortablecolumn=&quot;userPhoneNumber&quot; style=&quot;width: 12rem;&quot; tabindex=&quot;0&quot; role=&quot;columnheader&quot; aria-sort=&quot;none&quot; class=&quot;p-sortable-column&quot;&gt;...&lt;/th&gt; is not clickable at point (910, 218). Other element would receive the click: &lt;input _ngcontent-kfg-c153=&quot;&quot; matinput=&quot;&quot; type=&quot;email&quot; placeholder=&quot;Email address&quot; formcontrolname=&quot;userLoginEmail&quot; class=&quot;mat-input-element mat-form-field-autofill-control ng-tns-c78-148 ng-touched ng-dirty ng-invalid cdk-text-field-autofill-monitored&quot; aria-describedby=&quot;mat-error-87&quot; id=&quot;mat-input-107&quot; data-placeholder=&quot;Email address&quot; aria-invalid=&quot;false&quot; aria-required=&quot;false&quot;&gt;
  (Session info: chrome=124.0.6367.79)
Build info: version: &#039;4.15.0&#039;, revision: &#039;1d14b5521b&#039;
System info: os.name: &#039;Windows 11&#039;, os.arch: &#039;amd64&#039;, os.version: &#039;10.0&#039;, java.version: &#039;21.0.1&#039;
Driver info: org.openqa.selenium.chrome.ChromeDriver
Command: [507114f9899f50b14034efed007d6bca, clickElement {id=f.A76F513529D9F04246A80BEDA744734E.d.475E19676F4E6938A94571DAEC481D5C.e.4064}]
Capabilities {acceptInsecureCerts: false, browserName: chrome, browserVersion: 124.0.6367.79, chrome: {chromedriverVersion: 124.0.6367.91 (51df0e5e17a8..., userDataDir: C:\Users\nsatc\AppData\Loca...}, fedcm:accounts: true, goog:chromeOptions: {debuggerAddress: localhost:51485}, networkConnectionEnabled: false, pageLoadStrategy: normal, platformName: windows, proxy: Proxy(), se:cdp: ws://localhost:51485/devtoo..., se:cdpVersion: 124.0.6367.79, setWindowRect: true, strictFileInteractability: false, timeouts: {implicit: 0, pageLoad: 300000, script: 30000}, unhandledPromptBehavior: dismiss and notify, webauthn:extension:credBlob: true, webauthn:extension:largeBlob: true, webauthn:extension:minPinLength: true, webauthn:extension:prf: true, webauthn:virtualAuthenticators: true}
Element: [[ChromeDriver: chrome on windows (507114f9899f50b14034efed007d6bca)] -&gt; xpath: //th[normalize-space()=&#039;Phone Number&#039;]]
Session ID: 507114f9899f50b14034efed007d6bca" type="org.openqa.selenium.ElementClickInterceptedException">
      <![CDATA[org.openqa.selenium.ElementClickInterceptedException: element click intercepted: Element <th _ngcontent-kfg-c153="" psortablecolumn="userPhoneNumber" style="width: 12rem;" tabindex="0" role="columnheader" aria-sort="none" class="p-sortable-column">...</th> is not clickable at point (910, 218). Other element would receive the click: <input _ngcontent-kfg-c153="" matinput="" type="email" placeholder="Email address" formcontrolname="userLoginEmail" class="mat-input-element mat-form-field-autofill-control ng-tns-c78-148 ng-touched ng-dirty ng-invalid cdk-text-field-autofill-monitored" aria-describedby="mat-error-87" id="mat-input-107" data-placeholder="Email address" aria-invalid="false" aria-required="false">
  (Session info: chrome=124.0.6367.79)
Build info: version: '4.15.0', revision: '1d14b5521b'
System info: os.name: 'Windows 11', os.arch: 'amd64', os.version: '10.0', java.version: '21.0.1'
Driver info: org.openqa.selenium.chrome.ChromeDriver
Command: [507114f9899f50b14034efed007d6bca, clickElement {id=f.A76F513529D9F04246A80BEDA744734E.d.475E19676F4E6938A94571DAEC481D5C.e.4064}]
Capabilities {acceptInsecureCerts: false, browserName: chrome, browserVersion: 124.0.6367.79, chrome: {chromedriverVersion: 124.0.6367.91 (51df0e5e17a8..., userDataDir: C:\Users\nsatc\AppData\Loca...}, fedcm:accounts: true, goog:chromeOptions: {debuggerAddress: localhost:51485}, networkConnectionEnabled: false, pageLoadStrategy: normal, platformName: windows, proxy: Proxy(), se:cdp: ws://localhost:51485/devtoo..., se:cdpVersion: 124.0.6367.79, setWindowRect: true, strictFileInteractability: false, timeouts: {implicit: 0, pageLoad: 300000, script: 30000}, unhandledPromptBehavior: dismiss and notify, webauthn:extension:credBlob: true, webauthn:extension:largeBlob: true, webauthn:extension:minPinLength: true, webauthn:extension:prf: true, webauthn:virtualAuthenticators: true}
Element: [[ChromeDriver: chrome on windows (507114f9899f50b14034efed007d6bca)] -> xpath: //th[normalize-space()='Phone Number']]
Session ID: 507114f9899f50b14034efed007d6bca
at java.base/jdk.internal.reflect.DirectConstructorHandleAccessor.newInstance(DirectConstructorHandleAccessor.java:62)
at java.base/java.lang.reflect.Constructor.newInstanceWithCaller(Constructor.java:502)
at java.base/java.lang.reflect.Constructor.newInstance(Constructor.java:486)
at org.openqa.selenium.remote.codec.w3c.W3CHttpResponseCodec.createException(W3CHttpResponseCodec.java:200)
at org.openqa.selenium.remote.codec.w3c.W3CHttpResponseCodec.decode(W3CHttpResponseCodec.java:133)
at org.openqa.selenium.remote.codec.w3c.W3CHttpResponseCodec.decode(W3CHttpResponseCodec.java:52)
at org.openqa.selenium.remote.HttpCommandExecutor.execute(HttpCommandExecutor.java:191)
at org.openqa.selenium.remote.service.DriverCommandExecutor.invokeExecute(DriverCommandExecutor.java:200)
at org.openqa.selenium.remote.service.DriverCommandExecutor.execute(DriverCommandExecutor.java:175)
at org.openqa.selenium.remote.RemoteWebDriver.execute(RemoteWebDriver.java:607)
at org.openqa.selenium.remote.RemoteWebElement.execute(RemoteWebElement.java:224)
at org.openqa.selenium.remote.RemoteWebElement.click(RemoteWebElement.java:77)
at PageObjects.sortUserPage.clickColumnPhoneNoHeader(sortUserPage.java:80)
at StepDefinitions.SortingUserPageSteps.admin_clicks_on_phone_number_sort_icon(SortingUserPageSteps.java:74)
at ✽.Admin clicks on Phone number sort icon(file:///C:/Users/nsatc/git/Team17_Testing_Squad/src/test/resources/Features/05_04sortUser.feature:23)
]]>
    </error>
  </testcase> <!-- runScenario -->
  <system-out/>
  <testcase classname="Runner.MyTestRunner" name="runScenario" time="1.696"/>
  <system-out/>
  <testcase classname="Runner.MyTestRunner" name="runScenario" time="0.485"/>
  <system-out/>
  <testcase classname="Runner.MyTestRunner" name="runScenario" time="0.182"/>
  <system-out/>
  <testcase classname="Runner.MyTestRunner" name="runScenario" time="1.267"/>
  <system-out/>
  <testcase classname="Runner.MyTestRunner" name="runScenario" time="1.723"/>
  <system-out/>
  <testcase classname="Runner.MyTestRunner" name="runScenario" time="1.234">
    <error message="element click intercepted: Element &lt;button _ngcontent-kfg-c223=&quot;&quot; id=&quot;program&quot; mat-button=&quot;&quot; a=&quot;&quot; routerlink=&quot;/program&quot; class=&quot;mat-focus-indicator mat-button mat-button-base&quot; tabindex=&quot;0&quot;&gt;...&lt;/button&gt; is not clickable at point (1100, 32). Other element would receive the click: &lt;div class=&quot;p-dialog-header ng-tns-c132-6 ng-star-inserted&quot; style=&quot;&quot;&gt;...&lt;/div&gt;
  (Session info: chrome=124.0.6367.79)
Build info: version: &#039;4.15.0&#039;, revision: &#039;1d14b5521b&#039;
System info: os.name: &#039;Windows 11&#039;, os.arch: &#039;amd64&#039;, os.version: &#039;10.0&#039;, java.version: &#039;21.0.1&#039;
Driver info: org.openqa.selenium.chrome.ChromeDriver
Command: [507114f9899f50b14034efed007d6bca, clickElement {id=f.A76F513529D9F04246A80BEDA744734E.d.475E19676F4E6938A94571DAEC481D5C.e.4040}]
Capabilities {acceptInsecureCerts: false, browserName: chrome, browserVersion: 124.0.6367.79, chrome: {chromedriverVersion: 124.0.6367.91 (51df0e5e17a8..., userDataDir: C:\Users\nsatc\AppData\Loca...}, fedcm:accounts: true, goog:chromeOptions: {debuggerAddress: localhost:51485}, networkConnectionEnabled: false, pageLoadStrategy: normal, platformName: windows, proxy: Proxy(), se:cdp: ws://localhost:51485/devtoo..., se:cdpVersion: 124.0.6367.79, setWindowRect: true, strictFileInteractability: false, timeouts: {implicit: 0, pageLoad: 300000, script: 30000}, unhandledPromptBehavior: dismiss and notify, webauthn:extension:credBlob: true, webauthn:extension:largeBlob: true, webauthn:extension:minPinLength: true, webauthn:extension:prf: true, webauthn:virtualAuthenticators: true}
Element: [[ChromeDriver: chrome on windows (507114f9899f50b14034efed007d6bca)] -&gt; id: program]
Session ID: 507114f9899f50b14034efed007d6bca" type="org.openqa.selenium.ElementClickInterceptedException">
      <![CDATA[org.openqa.selenium.ElementClickInterceptedException: element click intercepted: Element <button _ngcontent-kfg-c223="" id="program" mat-button="" a="" routerlink="/program" class="mat-focus-indicator mat-button mat-button-base" tabindex="0">...</button> is not clickable at point (1100, 32). Other element would receive the click: <div class="p-dialog-header ng-tns-c132-6 ng-star-inserted" style="">...</div>
  (Session info: chrome=124.0.6367.79)
Build info: version: '4.15.0', revision: '1d14b5521b'
System info: os.name: 'Windows 11', os.arch: 'amd64', os.version: '10.0', java.version: '21.0.1'
Driver info: org.openqa.selenium.chrome.ChromeDriver
Command: [507114f9899f50b14034efed007d6bca, clickElement {id=f.A76F513529D9F04246A80BEDA744734E.d.475E19676F4E6938A94571DAEC481D5C.e.4040}]
Capabilities {acceptInsecureCerts: false, browserName: chrome, browserVersion: 124.0.6367.79, chrome: {chromedriverVersion: 124.0.6367.91 (51df0e5e17a8..., userDataDir: C:\Users\nsatc\AppData\Loca...}, fedcm:accounts: true, goog:chromeOptions: {debuggerAddress: localhost:51485}, networkConnectionEnabled: false, pageLoadStrategy: normal, platformName: windows, proxy: Proxy(), se:cdp: ws://localhost:51485/devtoo..., se:cdpVersion: 124.0.6367.79, setWindowRect: true, strictFileInteractability: false, timeouts: {implicit: 0, pageLoad: 300000, script: 30000}, unhandledPromptBehavior: dismiss and notify, webauthn:extension:credBlob: true, webauthn:extension:largeBlob: true, webauthn:extension:minPinLength: true, webauthn:extension:prf: true, webauthn:virtualAuthenticators: true}
Element: [[ChromeDriver: chrome on windows (507114f9899f50b14034efed007d6bca)] -> id: program]
Session ID: 507114f9899f50b14034efed007d6bca
at java.base/jdk.internal.reflect.DirectConstructorHandleAccessor.newInstance(DirectConstructorHandleAccessor.java:62)
at java.base/java.lang.reflect.Constructor.newInstanceWithCaller(Constructor.java:502)
at java.base/java.lang.reflect.Constructor.newInstance(Constructor.java:486)
at org.openqa.selenium.remote.codec.w3c.W3CHttpResponseCodec.createException(W3CHttpResponseCodec.java:200)
at org.openqa.selenium.remote.codec.w3c.W3CHttpResponseCodec.decode(W3CHttpResponseCodec.java:133)
at org.openqa.selenium.remote.codec.w3c.W3CHttpResponseCodec.decode(W3CHttpResponseCodec.java:52)
at org.openqa.selenium.remote.HttpCommandExecutor.execute(HttpCommandExecutor.java:191)
at org.openqa.selenium.remote.service.DriverCommandExecutor.invokeExecute(DriverCommandExecutor.java:200)
at org.openqa.selenium.remote.service.DriverCommandExecutor.execute(DriverCommandExecutor.java:175)
at org.openqa.selenium.remote.RemoteWebDriver.execute(RemoteWebDriver.java:607)
at org.openqa.selenium.remote.RemoteWebElement.execute(RemoteWebElement.java:224)
at org.openqa.selenium.remote.RemoteWebElement.click(RemoteWebElement.java:77)
at PageObjects.sortUserPage.clickPrgButton(sortUserPage.java:63)
at StepDefinitions.SortingUserPageSteps.admin_clicks_on_id_sort_icon(SortingUserPageSteps.java:34)
at ✽.Admin clicks on ID sort icon(file:///C:/Users/nsatc/git/Team17_Testing_Squad/src/test/resources/Features/05_04sortUser.feature:8)
]]>
    </error>
  </testcase> <!-- runScenario -->
  <system-out/>
  <testcase classname="Runner.MyTestRunner" name="runScenario" time="3.249">
    <error message="element click intercepted: Element &lt;span class=&quot;mat-button-wrapper&quot;&gt;...&lt;/span&gt; is not clickable at point (1243, 31). Other element would receive the click: &lt;div class=&quot;ng-tns-c132-6 p-dialog-mask p-component-overlay p-dialog-mask-scrollblocker ng-star-inserted&quot; style=&quot;z-index: 1021;&quot;&gt;...&lt;/div&gt;
  (Session info: chrome=124.0.6367.79)
Build info: version: &#039;4.15.0&#039;, revision: &#039;1d14b5521b&#039;
System info: os.name: &#039;Windows 11&#039;, os.arch: &#039;amd64&#039;, os.version: &#039;10.0&#039;, java.version: &#039;21.0.1&#039;
Driver info: org.openqa.selenium.chrome.ChromeDriver
Command: [507114f9899f50b14034efed007d6bca, clickElement {id=f.A76F513529D9F04246A80BEDA744734E.d.475E19676F4E6938A94571DAEC481D5C.e.4513}]
Capabilities {acceptInsecureCerts: false, browserName: chrome, browserVersion: 124.0.6367.79, chrome: {chromedriverVersion: 124.0.6367.91 (51df0e5e17a8..., userDataDir: C:\Users\nsatc\AppData\Loca...}, fedcm:accounts: true, goog:chromeOptions: {debuggerAddress: localhost:51485}, networkConnectionEnabled: false, pageLoadStrategy: normal, platformName: windows, proxy: Proxy(), se:cdp: ws://localhost:51485/devtoo..., se:cdpVersion: 124.0.6367.79, setWindowRect: true, strictFileInteractability: false, timeouts: {implicit: 0, pageLoad: 300000, script: 30000}, unhandledPromptBehavior: dismiss and notify, webauthn:extension:credBlob: true, webauthn:extension:largeBlob: true, webauthn:extension:minPinLength: true, webauthn:extension:prf: true, webauthn:virtualAuthenticators: true}
Element: [[ChromeDriver: chrome on windows (507114f9899f50b14034efed007d6bca)] -&gt; xpath: //span[normalize-space()=&#039;User&#039;]]
Session ID: 507114f9899f50b14034efed007d6bca" type="org.openqa.selenium.ElementClickInterceptedException">
      <![CDATA[org.openqa.selenium.ElementClickInterceptedException: element click intercepted: Element <span class="mat-button-wrapper">...</span> is not clickable at point (1243, 31). Other element would receive the click: <div class="ng-tns-c132-6 p-dialog-mask p-component-overlay p-dialog-mask-scrollblocker ng-star-inserted" style="z-index: 1021;">...</div>
  (Session info: chrome=124.0.6367.79)
Build info: version: '4.15.0', revision: '1d14b5521b'
System info: os.name: 'Windows 11', os.arch: 'amd64', os.version: '10.0', java.version: '21.0.1'
Driver info: org.openqa.selenium.chrome.ChromeDriver
Command: [507114f9899f50b14034efed007d6bca, clickElement {id=f.A76F513529D9F04246A80BEDA744734E.d.475E19676F4E6938A94571DAEC481D5C.e.4513}]
Capabilities {acceptInsecureCerts: false, browserName: chrome, browserVersion: 124.0.6367.79, chrome: {chromedriverVersion: 124.0.6367.91 (51df0e5e17a8..., userDataDir: C:\Users\nsatc\AppData\Loca...}, fedcm:accounts: true, goog:chromeOptions: {debuggerAddress: localhost:51485}, networkConnectionEnabled: false, pageLoadStrategy: normal, platformName: windows, proxy: Proxy(), se:cdp: ws://localhost:51485/devtoo..., se:cdpVersion: 124.0.6367.79, setWindowRect: true, strictFileInteractability: false, timeouts: {implicit: 0, pageLoad: 300000, script: 30000}, unhandledPromptBehavior: dismiss and notify, webauthn:extension:credBlob: true, webauthn:extension:largeBlob: true, webauthn:extension:minPinLength: true, webauthn:extension:prf: true, webauthn:virtualAuthenticators: true}
Element: [[ChromeDriver: chrome on windows (507114f9899f50b14034efed007d6bca)] -> xpath: //span[normalize-space()='User']]
Session ID: 507114f9899f50b14034efed007d6bca
at java.base/jdk.internal.reflect.DirectConstructorHandleAccessor.newInstance(DirectConstructorHandleAccessor.java:62)
at java.base/java.lang.reflect.Constructor.newInstanceWithCaller(Constructor.java:502)
at java.base/java.lang.reflect.Constructor.newInstance(Constructor.java:486)
at org.openqa.selenium.remote.codec.w3c.W3CHttpResponseCodec.createException(W3CHttpResponseCodec.java:200)
at org.openqa.selenium.remote.codec.w3c.W3CHttpResponseCodec.decode(W3CHttpResponseCodec.java:133)
at org.openqa.selenium.remote.codec.w3c.W3CHttpResponseCodec.decode(W3CHttpResponseCodec.java:52)
at org.openqa.selenium.remote.HttpCommandExecutor.execute(HttpCommandExecutor.java:191)
at org.openqa.selenium.remote.service.DriverCommandExecutor.invokeExecute(DriverCommandExecutor.java:200)
at org.openqa.selenium.remote.service.DriverCommandExecutor.execute(DriverCommandExecutor.java:175)
at org.openqa.selenium.remote.RemoteWebDriver.execute(RemoteWebDriver.java:607)
at org.openqa.selenium.remote.RemoteWebElement.execute(RemoteWebElement.java:224)
at org.openqa.selenium.remote.RemoteWebElement.click(RemoteWebElement.java:77)
at PageObjects.AssignStudentPage.clickOnUserTab(AssignStudentPage.java:36)
at StepDefinitions.AssignStudentSteps.admin_is_on_manage_user_page(AssignStudentSteps.java:26)
at ✽.Admin is on Manage User Page.(file:///C:/Users/nsatc/git/Team17_Testing_Squad/src/test/resources/Features/05_07AssignStudentUser.feature:6)
]]>
    </error>
  </testcase> <!-- runScenario -->
  <system-out/>
  <testcase classname="Runner.MyTestRunner" name="runScenario" time="1.658"/>
  <system-out/>
  <testcase classname="Runner.MyTestRunner" name="runScenario" time="0.390"/>
  <system-out/>
  <testcase classname="Runner.MyTestRunner" name="runScenario" time="0.316"/>
  <system-out/>
  <testcase classname="Runner.MyTestRunner" name="runScenario" time="0.405"/>
  <system-out/>
  <testcase classname="Runner.MyTestRunner" name="runScenario" time="0.261"/>
  <system-out/>
  <testcase classname="Runner.MyTestRunner" name="runScenario" time="0.884"/>
  <system-out/>
  <testcase classname="Runner.MyTestRunner" name="runScenario" time="3.234"/>
  <system-out/>
  <testcase classname="Runner.MyTestRunner" name="runScenario" time="5.332"/>
  <system-out/>
  <testcase classname="Runner.MyTestRunner" name="runScenario" time="1.462"/>
  <system-out/>
  <testcase classname="Runner.MyTestRunner" name="runScenario" time="0.094"/>
  <system-out/>
  <testcase classname="Runner.MyTestRunner" name="runScenario" time="1.647"/>
  <system-out/>
  <testcase classname="Runner.MyTestRunner" name="runScenario" time="1.165"/>
  <system-out/>
  <testcase classname="Runner.MyTestRunner" name="runScenario" time="3.094"/>
  <system-out/>
  <testcase classname="Runner.MyTestRunner" name="runScenario" time="1.043"/>
  <system-out/>
  <testcase classname="Runner.MyTestRunner" name="runScenario" time="6.801">
    <error message="no such element: Unable to locate element: {&quot;method&quot;:&quot;xpath&quot;,&quot;selector&quot;:&quot;//td[normalize-space()=&#039;aapriyanga&#039;]//following-sibling::td//button[1]&quot;}
  (Session info: chrome=124.0.6367.79)
For documentation on this error, please visit: https://www.selenium.dev/documentation/webdriver/troubleshooting/errors#no-such-element-exception
Build info: version: &#039;4.15.0&#039;, revision: &#039;1d14b5521b&#039;
System info: os.name: &#039;Windows 11&#039;, os.arch: &#039;amd64&#039;, os.version: &#039;10.0&#039;, java.version: &#039;21.0.1&#039;
Driver info: org.openqa.selenium.chrome.ChromeDriver
Command: [507114f9899f50b14034efed007d6bca, findElement {using=xpath, value=//td[normalize-space()=&#039;aapriyanga&#039;]//following-sibling::td//button[1]}]
Capabilities {acceptInsecureCerts: false, browserName: chrome, browserVersion: 124.0.6367.79, chrome: {chromedriverVersion: 124.0.6367.91 (51df0e5e17a8..., userDataDir: C:\Users\nsatc\AppData\Loca...}, fedcm:accounts: true, goog:chromeOptions: {debuggerAddress: localhost:51485}, networkConnectionEnabled: false, pageLoadStrategy: normal, platformName: windows, proxy: Proxy(), se:cdp: ws://localhost:51485/devtoo..., se:cdpVersion: 124.0.6367.79, setWindowRect: true, strictFileInteractability: false, timeouts: {implicit: 0, pageLoad: 300000, script: 30000}, unhandledPromptBehavior: dismiss and notify, webauthn:extension:credBlob: true, webauthn:extension:largeBlob: true, webauthn:extension:minPinLength: true, webauthn:extension:prf: true, webauthn:virtualAuthenticators: true}
Session ID: 507114f9899f50b14034efed007d6bca" type="org.openqa.selenium.NoSuchElementException">
      <![CDATA[org.openqa.selenium.NoSuchElementException: no such element: Unable to locate element: {"method":"xpath","selector":"//td[normalize-space()='aapriyanga']//following-sibling::td//button[1]"}
  (Session info: chrome=124.0.6367.79)
For documentation on this error, please visit: https://www.selenium.dev/documentation/webdriver/troubleshooting/errors#no-such-element-exception
Build info: version: '4.15.0', revision: '1d14b5521b'
System info: os.name: 'Windows 11', os.arch: 'amd64', os.version: '10.0', java.version: '21.0.1'
Driver info: org.openqa.selenium.chrome.ChromeDriver
Command: [507114f9899f50b14034efed007d6bca, findElement {using=xpath, value=//td[normalize-space()='aapriyanga']//following-sibling::td//button[1]}]
Capabilities {acceptInsecureCerts: false, browserName: chrome, browserVersion: 124.0.6367.79, chrome: {chromedriverVersion: 124.0.6367.91 (51df0e5e17a8..., userDataDir: C:\Users\nsatc\AppData\Loca...}, fedcm:accounts: true, goog:chromeOptions: {debuggerAddress: localhost:51485}, networkConnectionEnabled: false, pageLoadStrategy: normal, platformName: windows, proxy: Proxy(), se:cdp: ws://localhost:51485/devtoo..., se:cdpVersion: 124.0.6367.79, setWindowRect: true, strictFileInteractability: false, timeouts: {implicit: 0, pageLoad: 300000, script: 30000}, unhandledPromptBehavior: dismiss and notify, webauthn:extension:credBlob: true, webauthn:extension:largeBlob: true, webauthn:extension:minPinLength: true, webauthn:extension:prf: true, webauthn:virtualAuthenticators: true}
Session ID: 507114f9899f50b14034efed007d6bca
at java.base/jdk.internal.reflect.DirectConstructorHandleAccessor.newInstance(DirectConstructorHandleAccessor.java:62)
at java.base/java.lang.reflect.Constructor.newInstanceWithCaller(Constructor.java:502)
at java.base/java.lang.reflect.Constructor.newInstance(Constructor.java:486)
at org.openqa.selenium.remote.codec.w3c.W3CHttpResponseCodec.createException(W3CHttpResponseCodec.java:200)
at org.openqa.selenium.remote.codec.w3c.W3CHttpResponseCodec.decode(W3CHttpResponseCodec.java:133)
at org.openqa.selenium.remote.codec.w3c.W3CHttpResponseCodec.decode(W3CHttpResponseCodec.java:52)
at org.openqa.selenium.remote.HttpCommandExecutor.execute(HttpCommandExecutor.java:191)
at org.openqa.selenium.remote.service.DriverCommandExecutor.invokeExecute(DriverCommandExecutor.java:200)
at org.openqa.selenium.remote.service.DriverCommandExecutor.execute(DriverCommandExecutor.java:175)
at org.openqa.selenium.remote.RemoteWebDriver.execute(RemoteWebDriver.java:607)
at org.openqa.selenium.remote.ElementLocation$ElementFinder$2.findElement(ElementLocation.java:165)
at org.openqa.selenium.remote.ElementLocation.findElement(ElementLocation.java:59)
at org.openqa.selenium.remote.RemoteWebDriver.findElement(RemoteWebDriver.java:364)
at org.openqa.selenium.remote.RemoteWebDriver.findElement(RemoteWebDriver.java:358)
at PageObjects.editPgmPg.clickEditByname(editPgmPg.java:49)
at StepDefinitions.editPgmStep.admin_updates_the_description_field_and_clicks_save_button(editPgmStep.java:120)
at ✽.Admin updates the Description "Manage Program" 5  field and clicks save button(file:///C:/Users/nsatc/git/Team17_Testing_Squad/src/test/resources/Features/03_03_editProgramDetails.feature:27)
]]>
    </error>
  </testcase> <!-- runScenario -->
  <system-out/>
</testsuite> <!-- Runner.MyTestRunner -->
